logs/seq4096_bankqat_s1337.txt
val_bpb:enabled tokenizer_kind=sentencepiece tokenizer_path=./data/tokenizers/fineweb_1024_bpe.model
train_loader:dataset:fineweb10B_sp1024 train_shards:80
val_loader:shards pattern=./data/datasets/fineweb10B_sp1024/fineweb_val_*.bin tokens:62021632
model_params:27067484
mtp_num_heads:0 mtp_loss_weight:0.2 mtp_params:0
XSA:last_11 active_layers:[0, 1, 2, 3, 4, 5, 6, 7, 8, 9, 10]
sliding_window_attn:layers=[0, 1, 2, 3, 4, 5] window_size=256 full_attn_layers=5
world_size:8 grad_accum_steps:1
sdp_backends:cudnn=False flash=True mem_efficient=False math=False
attention_mode:gqa num_heads:8 num_kv_heads:4
tie_embeddings:True embed_lr:0.035 head_lr:0.0 matrix_lr:0.025 scalar_lr:0.025
train_batch_tokens:786432 train_seq_len:4096 iterations:20000 warmup_steps:20 max_wallclock_seconds:600.000
seed:1337
warmup_step:1/20
warmup_step:2/20
warmup_step:3/20
warmup_step:4/20
warmup_step:5/20
warmup_step:6/20
warmup_step:7/20
warmup_step:8/20
warmup_step:9/20
warmup_step:10/20
warmup_step:11/20
warmup_step:12/20
warmup_step:13/20
warmup_step:14/20
warmup_step:15/20
warmup_step:16/20
warmup_step:17/20
warmup_step:18/20
warmup_step:19/20
warmup_step:20/20
step:0/20000 val_loss:6.9301 val_bpb:4.1044 train_time:0ms step_avg:0.01ms
step:1/20000 train_loss:6.9307 train_time:215ms step_avg:214.96ms
step:2/20000 train_loss:8.6139 train_time:248ms step_avg:123.77ms
step:3/20000 train_loss:7.7081 train_time:328ms step_avg:109.46ms
step:4/20000 train_loss:7.0823 train_time:406ms step_avg:101.42ms
step:5/20000 train_loss:7.1457 train_time:484ms step_avg:96.85ms
step:6/20000 train_loss:7.2240 train_time:564ms step_avg:93.99ms
step:7/20000 train_loss:7.1702 train_time:642ms step_avg:91.67ms
step:8/20000 train_loss:6.9951 train_time:719ms step_avg:89.94ms
step:9/20000 train_loss:6.5673 train_time:799ms step_avg:88.81ms
step:10/20000 train_loss:6.1516 train_time:878ms step_avg:87.83ms
step:500/20000 train_loss:2.3369 train_time:40444ms step_avg:80.89ms
step:1000/20000 train_loss:2.2227 train_time:81051ms step_avg:81.05ms
step:1500/20000 train_loss:2.1773 train_time:121886ms step_avg:81.26ms
step:2000/20000 train_loss:2.0174 train_time:162912ms step_avg:81.46ms
step:2500/20000 train_loss:2.1195 train_time:203947ms step_avg:81.58ms
step:3000/20000 train_loss:2.1171 train_time:244958ms step_avg:81.65ms
step:3500/20000 train_loss:2.1329 train_time:286087ms step_avg:81.74ms
step:4000/20000 train_loss:1.9216 train_time:327204ms step_avg:81.80ms
step:4000/20000 val_loss:2.0152 val_bpb:1.1935 train_time:327254ms step_avg:81.81ms
step:4500/20000 train_loss:2.0785 train_time:368346ms step_avg:81.85ms
step:5000/20000 train_loss:2.0584 train_time:409445ms step_avg:81.89ms
step:5500/20000 train_loss:1.9791 train_time:450508ms step_avg:81.91ms
step:6000/20000 train_loss:1.9060 train_time:491510ms step_avg:81.92ms
step:6500/20000 train_loss:2.0526 train_time:532550ms step_avg:81.93ms
swa:start step:6550
late_qat:enabled step:6722 scale:0.1498
step:7000/20000 train_loss:1.7606 train_time:573957ms step_avg:81.99ms
step:7298/20000 val_loss:1.8930 val_bpb:1.1211 train_time:600078ms step_avg:82.22ms
stopping_early: wallclock_cap train_time:600078ms step:7298/20000
peak memory allocated: 22846 MiB reserved: 23118 MiB
ema:applying EMA weights
DIAGNOSTIC post_ema val_loss:1.8913 val_bpb:1.1201 eval_time:2007ms
Serialized model: 106289590 bytes
Code size: 115082 bytes
gptq:building non-banked model for Hessian collection...
gptq:generating autoregressive calibration data (64 seqs x 2048 tokens, temp=0.8)...
gptq:generated 64 sequences in 524.8s
gptq:collecting hessians from autoregressive data...
gptq:collected hessians for 68 layers (AR self-gen)
prune: 23811193 candidates of 25952256 total weights, unpruned=15.37MB target=15.9MB
prune: already fits, no pruning needed
Serialized model int6+lzma: 16003264 bytes
Total submission size int6+lzma: 16118346 bytes
final_int6_roundtrip val_loss:1.8998 val_bpb:1.1252 eval_time:92983ms
final_int6_roundtrip_exact val_loss:1.89982195 val_bpb:1.12518157
final_int6_sliding_window val_loss:1.8764 val_bpb:1.1113 stride:64 eval_time:396706ms
final_int6_sliding_window_exact val_loss:1.87640940 val_bpb:1.11132132
final_int8_zlib_roundtrip_exact val_loss:1.87640940 val_bpb:1.11132132

Processing Files (0 / 0)      : |          |  0.00B /  0.00B

New Data Upload               : |          |  0.00B /  0.00B            [A


  final_model.pt              :   1%|          |  554kB /  106MB            [A[A


  final_model.pt              :   1%|          |  554kB /  106MB            [A[A
Processing Files (0 / 1)      :   1%|          |  554kB /  106MB,  692kB/s

New Data Upload               :   1%|          |  554kB /  106MB,  692kB/s  [A


  final_model.pt              :   1%|          |  554kB /  106MB            [A[A


  final_model.pt              :   1%|          |  554kB /  106MB            [A[A


  final_model.pt              :   1%|          |  554kB /  106MB            [A[A


  final_model.pt              :   1%|          |  554kB /  106MB            [A[A


  final_model.pt              :   1%|          |  554kB /  106MB            [A[A


  final_model.pt              :   1%|          |  554kB /  106MB            [A[A


  final_model.pt              :   1%|          |  554kB /  106MB            [A[A


  final_model.pt              :   1%|          |  554kB /  106MB            [A[A


  final_model.pt              :   1%|          |  554kB /  106MB            [A[A


  final_model.pt              :   1%|          |  554kB /  106MB            [A[A


  final_model.pt              :   1%|          |  554kB /  106MB            [A[A


  final_model.pt              :   1%|          |  554kB /  106MB            [A[A


  final_model.pt              :   1%|          |  554kB /  106MB            [A[A


  final_model.pt              :   1%|          |  554kB /  106MB            [A[A


  final_model.pt              :   1%|          |  554kB /  106MB            [A[A


  final_model.pt              :   1%|          |  554kB /  106MB            [A[A


  final_model.pt              :   1%|          |  554kB /  106MB            [A[A


  final_model.pt              :   1%|          |  554kB /  106MB            [A[A


  final_model.pt              :   1%|          |  554kB /  106MB            [A[A


  final_model.pt              :   1%|          |  554kB /  106MB            [A[A


  final_model.pt              :   2%|‚ĖŹ         | 1.66MB /  106MB            [A[A
Processing Files (0 / 1)      :   2%|‚ĖŹ         | 1.66MB /  106MB,  333kB/s

New Data Upload               :   2%|‚ĖŹ         | 1.66MB /  106MB,  333kB/s  [A


  final_model.pt              :   2%|‚ĖŹ         | 1.66MB /  106MB            [A[A


  final_model.pt              :   2%|‚ĖŹ         | 1.66MB /  106MB            [A[A


  final_model.pt              :   2%|‚ĖŹ         | 1.66MB /  106MB            [A[A


  final_model.pt              :   2%|‚ĖŹ         | 1.66MB /  106MB            [A[A


  final_model.pt              :   2%|‚ĖŹ         | 1.66MB /  106MB            [A[A


  final_model.pt              :   2%|‚ĖŹ         | 1.66MB /  106MB            [A[A


  final_model.pt              :   2%|‚ĖŹ         | 2.22MB /  106MB            [A[A
Processing Files (0 / 1)      :   2%|‚ĖŹ         | 2.22MB /  106MB,  346kB/s

New Data Upload               :   2%|‚ĖŹ         | 2.22MB /  106MB,  346kB/s  [A


  final_model.pt              :   2%|‚ĖŹ         | 2.22MB /  106MB            [A[A


  final_model.pt              :   2%|‚ĖŹ         | 2.22MB /  106MB            [A[A


  final_model.pt              :   2%|‚ĖŹ         | 2.22MB /  106MB            [A[A


  final_model.pt              :   2%|‚ĖŹ         | 2.22MB /  106MB            [A[A


  final_model.pt              :   3%|‚Ėé         | 2.77MB /  106MB            [A[A
Processing Files (0 / 1)      :   3%|‚Ėé         | 2.77MB /  106MB,  375kB/s

New Data Upload               :   3%|‚Ėé         | 2.77MB /  106MB,  375kB/s  [A


  final_model.pt              :   3%|‚Ėé         | 2.77MB /  106MB            [A[A


  final_model.pt              :   3%|‚Ėé         | 2.77MB /  106MB            [A[A


  final_model.pt              :   3%|‚Ėé         | 2.77MB /  106MB            [A[A


  final_model.pt              :   3%|‚Ėé         | 3.33MB /  106MB            [A[A
Processing Files (0 / 1)      :   3%|‚Ėé         | 3.33MB /  106MB,  406kB/s

New Data Upload               :   3%|‚Ėé         | 3.33MB /  106MB,  406kB/s  [A


  final_model.pt              :   3%|‚Ėé         | 3.33MB /  106MB            [A[A


  final_model.pt              :   3%|‚Ėé         | 3.33MB /  106MB            [A[A


  final_model.pt              :   4%|‚Ėé         | 3.88MB /  106MB            [A[A
Processing Files (0 / 1)      :   4%|‚Ėé         | 3.88MB /  106MB,  441kB/s

New Data Upload               :   4%|‚Ėé         | 3.88MB /  106MB,  441kB/s  [A


  final_model.pt              :   4%|‚Ėé         | 3.88MB /  106MB            [A[A


  final_model.pt              :   4%|‚Ėé         | 3.88MB /  106MB            [A[A


  final_model.pt              :   4%|‚Ėć         | 4.43MB /  106MB            [A[A
Processing Files (0 / 1)      :   4%|‚Ėć         | 4.43MB /  106MB,  472kB/s

New Data Upload               :   4%|‚Ėć         | 4.43MB /  106MB,  472kB/s  [A


  final_model.pt              :   4%|‚Ėć         | 4.43MB /  106MB            [A[A


  final_model.pt              :   4%|‚Ėć         | 4.43MB /  106MB            [A[A


  final_model.pt              :   5%|‚Ėć         | 4.99MB /  106MB            [A[A
Processing Files (0 / 1)      :   5%|‚Ėć         | 4.99MB /  106MB,  499kB/s

New Data Upload               :   5%|‚Ėć         | 4.99MB /  106MB,  499kB/s  [A


  final_model.pt              :   5%|‚Ėć         | 4.99MB /  106MB            [A[A


  final_model.pt              :   5%|‚ĖĆ         | 5.54MB /  106MB            [A[A
Processing Files (0 / 1)      :   5%|‚ĖĆ         | 5.54MB /  106MB,  543kB/s

New Data Upload               :   5%|‚ĖĆ         | 5.54MB /  106MB,  543kB/s  [A


  final_model.pt              :   5%|‚ĖĆ         | 5.54MB /  106MB            [A[A


  final_model.pt              :   5%|‚ĖĆ         | 5.54MB /  106MB            [A[A


  final_model.pt              :   6%|‚ĖĆ         | 6.10MB /  106MB            [A[A
Processing Files (0 / 1)      :   6%|‚ĖĆ         | 6.10MB /  106MB,  543kB/s

New Data Upload               :   6%|‚ĖĆ         | 6.10MB /  106MB,  543kB/s  [A


  final_model.pt              :   6%|‚ĖĆ         | 6.10MB /  106MB            [A[A


  final_model.pt              :   6%|‚Ėč         | 6.65MB /  106MB            [A[A
Processing Files (0 / 1)      :   6%|‚Ėč         | 6.65MB /  106MB,  598kB/s

New Data Upload               :   6%|‚Ėč         | 6.65MB /  106MB,  598kB/s  [A


  final_model.pt              :   6%|‚Ėč         | 6.65MB /  106MB            [A[A


  final_model.pt              :   7%|‚Ėč         | 7.21MB /  106MB            [A[A
Processing Files (0 / 1)      :   7%|‚Ėč         | 7.21MB /  106MB,  652kB/s

New Data Upload               :   7%|‚Ėč         | 7.21MB /  106MB,  652kB/s  [A


  final_model.pt              :   7%|‚Ėč         | 7.21MB /  106MB            [A[A


  final_model.pt              :   8%|‚Ėä         | 8.31MB /  106MB            [A[A
Processing Files (0 / 1)      :   8%|‚Ėä         | 8.31MB /  106MB,  761kB/s

New Data Upload               :   8%|‚Ėä         | 8.31MB /  106MB,  761kB/s  [A


  final_model.pt              :   8%|‚Ėä         | 8.31MB /  106MB            [A[A


  final_model.pt              :   8%|‚Ėä         | 8.87MB /  106MB            [A[A
Processing Files (0 / 1)      :   8%|‚Ėä         | 8.87MB /  106MB,  815kB/s

New Data Upload               :   8%|‚Ėä         | 8.87MB /  106MB,  815kB/s  [A


  final_model.pt              :   8%|‚Ėä         | 8.87MB /  106MB            [A[A


  final_model.pt              :   9%|‚ĖČ         | 9.42MB /  106MB            [A[A
Processing Files (0 / 1)      :   9%|‚ĖČ         | 9.42MB /  106MB,  869kB/s

New Data Upload               :   9%|‚ĖČ         | 9.42MB /  106MB,  869kB/s  [A


  final_model.pt              :   9%|‚ĖČ         | 9.42MB /  106MB            [A[A


  final_model.pt              :   9%|‚ĖČ         | 9.98MB /  106MB            [A[A
Processing Files (0 / 1)      :   9%|‚ĖČ         | 9.98MB /  106MB,  924kB/s

New Data Upload               :   9%|‚ĖČ         | 9.98MB /  106MB,  924kB/s  [A


  final_model.pt              :   9%|‚ĖČ         | 9.98MB /  106MB            [A[A


  final_model.pt              :  10%|‚ĖČ         | 10.5MB /  106MB            [A[A
Processing Files (0 / 1)      :  10%|‚ĖČ         | 10.5MB /  106MB,  978kB/s

New Data Upload               :  10%|‚ĖČ         | 10.5MB /  106MB,  978kB/s  [A


  final_model.pt              :  10%|‚ĖČ         | 10.5MB /  106MB            [A[A


  final_model.pt              :  10%|‚Ėą         | 11.1MB /  106MB            [A[A
Processing Files (0 / 1)      :  10%|‚Ėą         | 11.1MB /  106MB, 1.03MB/s

New Data Upload               :  10%|‚Ėą         | 11.1MB /  106MB, 1.03MB/s  [A


  final_model.pt              :  10%|‚Ėą         | 11.1MB /  106MB            [A[A


  final_model.pt              :  11%|‚Ėą‚ĖŹ        | 12.2MB /  106MB            [A[A
Processing Files (0 / 1)      :  11%|‚Ėą‚ĖŹ        | 12.2MB /  106MB, 1.14MB/s

New Data Upload               :  11%|‚Ėą‚ĖŹ        | 12.2MB /  106MB, 1.14MB/s  [A


  final_model.pt              :  11%|‚Ėą‚ĖŹ        | 12.2MB /  106MB            [A[A


  final_model.pt              :  12%|‚Ėą‚ĖŹ        | 12.7MB /  106MB            [A[A
Processing Files (0 / 1)      :  12%|‚Ėą‚ĖŹ        | 12.7MB /  106MB, 1.20MB/s

New Data Upload               :  12%|‚Ėą‚ĖŹ        | 12.7MB /  106MB, 1.20MB/s  [A


  final_model.pt              :  13%|‚Ėą‚Ėé        | 13.3MB /  106MB            [A[A
Processing Files (0 / 1)      :  13%|‚Ėą‚Ėé        | 13.3MB /  106MB, 1.14MB/s

New Data Upload               :  13%|‚Ėą‚Ėé        | 13.3MB /  106MB, 1.14MB/s  [A


  final_model.pt              :  13%|‚Ėą‚Ėé        | 13.9MB /  106MB            [A[A
Processing Files (0 / 1)      :  13%|‚Ėą‚Ėé        | 13.9MB /  106MB, 1.20MB/s

New Data Upload               :  13%|‚Ėą‚Ėé        | 13.9MB /  106MB, 1.20MB/s  [A


  final_model.pt              :  13%|‚Ėą‚Ėé        | 13.9MB /  106MB            [A[A


  final_model.pt              :  14%|‚Ėą‚Ėé        | 14.4MB /  106MB            [A[A
Processing Files (0 / 1)      :  14%|‚Ėą‚Ėé        | 14.4MB /  106MB, 1.25MB/s

New Data Upload               :  14%|‚Ėą‚Ėé        | 14.4MB /  106MB, 1.25MB/s  [A


  final_model.pt              :  14%|‚Ėą‚Ėć        | 15.0MB /  106MB            [A[A
Processing Files (0 / 1)      :  14%|‚Ėą‚Ėć        | 15.0MB /  106MB, 1.30MB/s

New Data Upload               :  14%|‚Ėą‚Ėć        | 15.0MB /  106MB, 1.30MB/s  [A


  final_model.pt              :  14%|‚Ėą‚Ėć        | 15.0MB /  106MB            [A[A


  final_model.pt              :  15%|‚Ėą‚Ėć        | 15.5MB /  106MB            [A[A
Processing Files (0 / 1)      :  15%|‚Ėą‚Ėć        | 15.5MB /  106MB, 1.36MB/s

New Data Upload               :  15%|‚Ėą‚Ėć        | 15.5MB /  106MB, 1.36MB/s  [A


  final_model.pt              :  15%|‚Ėą‚ĖĆ        | 16.1MB /  106MB            [A[A
Processing Files (0 / 1)      :  15%|‚Ėą‚ĖĆ        | 16.1MB /  106MB, 1.36MB/s

New Data Upload               :  15%|‚Ėą‚ĖĆ        | 16.1MB /  106MB, 1.36MB/s  [A


  final_model.pt              :  15%|‚Ėą‚ĖĆ        | 16.1MB /  106MB            [A[A


  final_model.pt              :  16%|‚Ėą‚ĖĆ        | 17.2MB /  106MB            [A[A
Processing Files (0 / 1)      :  16%|‚Ėą‚ĖĆ        | 17.2MB /  106MB, 1.47MB/s

New Data Upload               :  16%|‚Ėą‚ĖĆ        | 17.2MB /  106MB, 1.47MB/s  [A


  final_model.pt              :  17%|‚Ėą‚Ėč        | 17.7MB /  106MB            [A[A
Processing Files (0 / 1)      :  17%|‚Ėą‚Ėč        | 17.7MB /  106MB, 1.52MB/s

New Data Upload               :  17%|‚Ėą‚Ėč        | 17.7MB /  106MB, 1.52MB/s  [A


  final_model.pt              :  17%|‚Ėą‚Ėč        | 17.7MB /  106MB            [A[A


  final_model.pt              :  17%|‚Ėą‚Ėč        | 18.3MB /  106MB            [A[A
Processing Files (0 / 1)      :  17%|‚Ėą‚Ėč        | 18.3MB /  106MB, 1.52MB/s

New Data Upload               :  17%|‚Ėą‚Ėč        | 18.3MB /  106MB, 1.52MB/s  [A


  final_model.pt              :  18%|‚Ėą‚Ėä        | 18.8MB /  106MB            [A[A
Processing Files (0 / 1)      :  18%|‚Ėą‚Ėä        | 18.8MB /  106MB, 1.58MB/s

New Data Upload               :  18%|‚Ėą‚Ėä        | 18.8MB /  106MB, 1.58MB/s  [A


  final_model.pt              :  18%|‚Ėą‚Ėä        | 18.8MB /  106MB            [A[A


  final_model.pt              :  18%|‚Ėą‚Ėä        | 19.4MB /  106MB            [A[A
Processing Files (0 / 1)      :  18%|‚Ėą‚Ėä        | 19.4MB /  106MB, 1.63MB/s

New Data Upload               :  18%|‚Ėą‚Ėä        | 19.4MB /  106MB, 1.63MB/s  [A


  final_model.pt              :  19%|‚Ėą‚ĖČ        | 20.5MB /  106MB            [A[A
Processing Files (0 / 1)      :  19%|‚Ėą‚ĖČ        | 20.5MB /  106MB, 1.68MB/s

New Data Upload               :  19%|‚Ėą‚ĖČ        | 20.5MB /  106MB, 1.68MB/s  [A


  final_model.pt              :  19%|‚Ėą‚ĖČ        | 20.5MB /  106MB            [A[A


  final_model.pt              :  20%|‚Ėą‚ĖČ        | 21.1MB /  106MB            [A[A
Processing Files (0 / 1)      :  20%|‚Ėą‚ĖČ        | 21.1MB /  106MB, 1.74MB/s

New Data Upload               :  20%|‚Ėą‚ĖČ        | 21.1MB /  106MB, 1.74MB/s  [A


  final_model.pt              :  20%|‚Ėą‚Ėą        | 21.6MB /  106MB            [A[A
Processing Files (0 / 1)      :  20%|‚Ėą‚Ėą        | 21.6MB /  106MB, 1.74MB/s

New Data Upload               :  20%|‚Ėą‚Ėą        | 21.6MB /  106MB, 1.74MB/s  [A


  final_model.pt              :  20%|‚Ėą‚Ėą        | 21.6MB /  106MB            [A[A


  final_model.pt              :  21%|‚Ėą‚Ėą‚ĖŹ       | 22.7MB /  106MB            [A[A
Processing Files (0 / 1)      :  21%|‚Ėą‚Ėą‚ĖŹ       | 22.7MB /  106MB, 1.85MB/s

New Data Upload               :  21%|‚Ėą‚Ėą‚ĖŹ       | 22.7MB /  106MB, 1.85MB/s  [A


  final_model.pt              :  22%|‚Ėą‚Ėą‚ĖŹ       | 23.3MB /  106MB            [A[A
Processing Files (0 / 1)      :  22%|‚Ėą‚Ėą‚ĖŹ       | 23.3MB /  106MB, 1.85MB/s

New Data Upload               :  22%|‚Ėą‚Ėą‚ĖŹ       | 23.3MB /  106MB, 1.85MB/s  [A


  final_model.pt              :  22%|‚Ėą‚Ėą‚ĖŹ       | 23.3MB /  106MB            [A[A


  final_model.pt              :  23%|‚Ėą‚Ėą‚Ėé       | 24.4MB /  106MB            [A[A
Processing Files (0 / 1)      :  23%|‚Ėą‚Ėą‚Ėé       | 24.4MB /  106MB, 1.96MB/s

New Data Upload               :  23%|‚Ėą‚Ėą‚Ėé       | 24.4MB /  106MB, 1.96MB/s  [A


  final_model.pt              :  23%|‚Ėą‚Ėą‚Ėé       | 24.9MB /  106MB            [A[A
Processing Files (0 / 1)      :  23%|‚Ėą‚Ėą‚Ėé       | 24.9MB /  106MB, 1.96MB/s

New Data Upload               :  23%|‚Ėą‚Ėą‚Ėé       | 24.9MB /  106MB, 1.96MB/s  [A


  final_model.pt              :  24%|‚Ėą‚Ėą‚Ėć       | 25.5MB /  106MB            [A[A
Processing Files (0 / 1)      :  24%|‚Ėą‚Ėą‚Ėć       | 25.5MB /  106MB, 2.01MB/s

New Data Upload               :  24%|‚Ėą‚Ėą‚Ėć       | 25.5MB /  106MB, 2.01MB/s  [A


  final_model.pt              :  24%|‚Ėą‚Ėą‚Ėć       | 25.5MB /  106MB            [A[A


  final_model.pt              :  25%|‚Ėą‚Ėą‚ĖĆ       | 26.6MB /  106MB            [A[A
Processing Files (0 / 1)      :  25%|‚Ėą‚Ėą‚ĖĆ       | 26.6MB /  106MB, 2.06MB/s

New Data Upload               :  25%|‚Ėą‚Ėą‚ĖĆ       | 26.6MB /  106MB, 2.06MB/s  [A


  final_model.pt              :  26%|‚Ėą‚Ėą‚ĖĆ       | 27.2MB /  106MB            [A[A
Processing Files (0 / 1)      :  26%|‚Ėą‚Ėą‚ĖĆ       | 27.2MB /  106MB, 2.12MB/s

New Data Upload               :  26%|‚Ėą‚Ėą‚ĖĆ       | 27.2MB /  106MB, 2.12MB/s  [A


  final_model.pt              :  26%|‚Ėą‚Ėą‚ĖĆ       | 27.7MB /  106MB            [A[A
Processing Files (0 / 1)      :  26%|‚Ėą‚Ėą‚ĖĆ       | 27.7MB /  106MB, 2.12MB/s

New Data Upload               :  26%|‚Ėą‚Ėą‚ĖĆ       | 27.7MB /  106MB, 2.12MB/s  [A


  final_model.pt              :  27%|‚Ėą‚Ėą‚Ėč       | 28.3MB /  106MB            [A[A
Processing Files (0 / 1)      :  27%|‚Ėą‚Ėą‚Ėč       | 28.3MB /  106MB, 2.17MB/s

New Data Upload               :  27%|‚Ėą‚Ėą‚Ėč       | 28.3MB /  106MB, 2.17MB/s  [A


  final_model.pt              :  27%|‚Ėą‚Ėą‚Ėč       | 28.8MB /  106MB            [A[A
Processing Files (0 / 1)      :  27%|‚Ėą‚Ėą‚Ėč       | 28.8MB /  106MB, 2.17MB/s

New Data Upload               :  27%|‚Ėą‚Ėą‚Ėč       | 28.8MB /  106MB, 2.17MB/s  [A


  final_model.pt              :  28%|‚Ėą‚Ėą‚Ėä       | 29.4MB /  106MB            [A[A
Processing Files (0 / 1)      :  28%|‚Ėą‚Ėą‚Ėä       | 29.4MB /  106MB, 2.23MB/s

New Data Upload               :  28%|‚Ėą‚Ėą‚Ėä       | 29.4MB /  106MB, 2.23MB/s  [A


  final_model.pt              :  28%|‚Ėą‚Ėą‚Ėä       | 29.9MB /  106MB            [A[A
Processing Files (0 / 1)      :  28%|‚Ėą‚Ėą‚Ėä       | 29.9MB /  106MB, 2.23MB/s

New Data Upload               :  28%|‚Ėą‚Ėą‚Ėä       | 29.9MB /  106MB, 2.23MB/s  [A


  final_model.pt              :  29%|‚Ėą‚Ėą‚Ėä       | 30.5MB /  106MB            [A[A
Processing Files (0 / 1)      :  29%|‚Ėą‚Ėą‚Ėä       | 30.5MB /  106MB, 2.28MB/s

New Data Upload               :  29%|‚Ėą‚Ėą‚Ėä       | 30.5MB /  106MB, 2.28MB/s  [A


  final_model.pt              :  29%|‚Ėą‚Ėą‚ĖČ       | 31.0MB /  106MB            [A[A
Processing Files (0 / 1)      :  29%|‚Ėą‚Ėą‚ĖČ       | 31.0MB /  106MB, 2.23MB/s

New Data Upload               :  29%|‚Ėą‚Ėą‚ĖČ       | 31.0MB /  106MB, 2.23MB/s  [A


  final_model.pt              :  30%|‚Ėą‚Ėą‚ĖČ       | 31.6MB /  106MB            [A[A
Processing Files (0 / 1)      :  30%|‚Ėą‚Ėą‚ĖČ       | 31.6MB /  106MB, 2.28MB/s

New Data Upload               :  30%|‚Ėą‚Ėą‚ĖČ       | 31.6MB /  106MB, 2.28MB/s  [A


  final_model.pt              :  30%|‚Ėą‚Ėą‚Ėą       | 32.1MB /  106MB            [A[A
Processing Files (0 / 1)      :  30%|‚Ėą‚Ėą‚Ėą       | 32.1MB /  106MB, 2.28MB/s

New Data Upload               :  30%|‚Ėą‚Ėą‚Ėą       | 32.1MB /  106MB, 2.28MB/s  [A


  final_model.pt              :  31%|‚Ėą‚Ėą‚Ėą       | 32.7MB /  106MB            [A[A
Processing Files (0 / 1)      :  31%|‚Ėą‚Ėą‚Ėą       | 32.7MB /  106MB, 2.34MB/s

New Data Upload               :  31%|‚Ėą‚Ėą‚Ėą       | 32.7MB /  106MB, 2.34MB/s  [A


  final_model.pt              :  32%|‚Ėą‚Ėą‚Ėą‚ĖŹ      | 33.8MB /  106MB            [A[A
Processing Files (0 / 1)      :  32%|‚Ėą‚Ėą‚Ėą‚ĖŹ      | 33.8MB /  106MB, 2.39MB/s

New Data Upload               :  32%|‚Ėą‚Ėą‚Ėą‚ĖŹ      | 33.8MB /  106MB, 2.39MB/s  [A


  final_model.pt              :  32%|‚Ėą‚Ėą‚Ėą‚ĖŹ      | 34.4MB /  106MB            [A[A
Processing Files (0 / 1)      :  32%|‚Ėą‚Ėą‚Ėą‚ĖŹ      | 34.4MB /  106MB, 2.45MB/s

New Data Upload               :  32%|‚Ėą‚Ėą‚Ėą‚ĖŹ      | 34.4MB /  106MB, 2.45MB/s  [A


  final_model.pt              :  33%|‚Ėą‚Ėą‚Ėą‚Ėé      | 34.9MB /  106MB            [A[A
Processing Files (0 / 1)      :  33%|‚Ėą‚Ėą‚Ėą‚Ėé      | 34.9MB /  106MB, 2.45MB/s

New Data Upload               :  33%|‚Ėą‚Ėą‚Ėą‚Ėé      | 34.9MB /  106MB, 2.45MB/s  [A


  final_model.pt              :  33%|‚Ėą‚Ėą‚Ėą‚Ėé      | 35.5MB /  106MB            [A[A
Processing Files (0 / 1)      :  33%|‚Ėą‚Ėą‚Ėą‚Ėé      | 35.5MB /  106MB, 2.50MB/s

New Data Upload               :  33%|‚Ėą‚Ėą‚Ėą‚Ėé      | 35.5MB /  106MB, 2.50MB/s  [A


  final_model.pt              :  34%|‚Ėą‚Ėą‚Ėą‚Ėć      | 36.0MB /  106MB            [A[A
Processing Files (0 / 1)      :  34%|‚Ėą‚Ėą‚Ėą‚Ėć      | 36.0MB /  106MB, 2.50MB/s

New Data Upload               :  34%|‚Ėą‚Ėą‚Ėą‚Ėć      | 36.0MB /  106MB, 2.50MB/s  [A


  final_model.pt              :  34%|‚Ėą‚Ėą‚Ėą‚Ėć      | 36.6MB /  106MB            [A[A
Processing Files (0 / 1)      :  34%|‚Ėą‚Ėą‚Ėą‚Ėć      | 36.6MB /  106MB, 2.55MB/s

New Data Upload               :  34%|‚Ėą‚Ėą‚Ėą‚Ėć      | 36.6MB /  106MB, 2.55MB/s  [A


  final_model.pt              :  35%|‚Ėą‚Ėą‚Ėą‚Ėć      | 37.1MB /  106MB            [A[A
Processing Files (0 / 1)      :  35%|‚Ėą‚Ėą‚Ėą‚Ėć      | 37.1MB /  106MB, 2.55MB/s

New Data Upload               :  35%|‚Ėą‚Ėą‚Ėą‚Ėć      | 37.1MB /  106MB, 2.55MB/s  [A


  final_model.pt              :  35%|‚Ėą‚Ėą‚Ėą‚ĖĆ      | 37.7MB /  106MB            [A[A
Processing Files (0 / 1)      :  35%|‚Ėą‚Ėą‚Ėą‚ĖĆ      | 37.7MB /  106MB, 2.61MB/s

New Data Upload               :  35%|‚Ėą‚Ėą‚Ėą‚ĖĆ      | 37.7MB /  106MB, 2.61MB/s  [A


  final_model.pt              :  37%|‚Ėą‚Ėą‚Ėą‚Ėč      | 38.8MB /  106MB            [A[A
Processing Files (0 / 1)      :  37%|‚Ėą‚Ėą‚Ėą‚Ėč      | 38.8MB /  106MB, 2.61MB/s

New Data Upload               :  37%|‚Ėą‚Ėą‚Ėą‚Ėč      | 38.8MB /  106MB, 2.61MB/s  [A


  final_model.pt              :  37%|‚Ėą‚Ėą‚Ėą‚Ėč      | 39.4MB /  106MB            [A[A
Processing Files (0 / 1)      :  37%|‚Ėą‚Ėą‚Ėą‚Ėč      | 39.4MB /  106MB, 2.66MB/s

New Data Upload               :  37%|‚Ėą‚Ėą‚Ėą‚Ėč      | 39.4MB /  106MB, 2.66MB/s  [A


  final_model.pt              :  38%|‚Ėą‚Ėą‚Ėą‚Ėä      | 39.9MB /  106MB            [A[A
Processing Files (0 / 1)      :  38%|‚Ėą‚Ėą‚Ėą‚Ėä      | 39.9MB /  106MB, 2.66MB/s

New Data Upload               :  38%|‚Ėą‚Ėą‚Ėą‚Ėä      | 39.9MB /  106MB, 2.66MB/s  [A


  final_model.pt              :  38%|‚Ėą‚Ėą‚Ėą‚Ėä      | 40.5MB /  106MB            [A[A
Processing Files (0 / 1)      :  38%|‚Ėą‚Ėą‚Ėą‚Ėä      | 40.5MB /  106MB, 2.66MB/s

New Data Upload               :  38%|‚Ėą‚Ėą‚Ėą‚Ėä      | 40.5MB /  106MB, 2.66MB/s  [A


  final_model.pt              :  39%|‚Ėą‚Ėą‚Ėą‚Ėä      | 41.0MB /  106MB            [A[A
Processing Files (0 / 1)      :  39%|‚Ėą‚Ėą‚Ėą‚Ėä      | 41.0MB /  106MB, 2.66MB/s

New Data Upload               :  39%|‚Ėą‚Ėą‚Ėą‚Ėä      | 41.0MB /  106MB, 2.66MB/s  [A


  final_model.pt              :  39%|‚Ėą‚Ėą‚Ėą‚ĖČ      | 41.6MB /  106MB            [A[A
Processing Files (0 / 1)      :  39%|‚Ėą‚Ėą‚Ėą‚ĖČ      | 41.6MB /  106MB, 2.72MB/s

New Data Upload               :  39%|‚Ėą‚Ėą‚Ėą‚ĖČ      | 41.6MB /  106MB, 2.72MB/s  [A


  final_model.pt              :  41%|‚Ėą‚Ėą‚Ėą‚Ėą      | 43.2MB /  106MB            [A[A
Processing Files (0 / 1)      :  41%|‚Ėą‚Ėą‚Ėą‚Ėą      | 43.2MB /  106MB, 2.83MB/s

New Data Upload               :  41%|‚Ėą‚Ėą‚Ėą‚Ėą      | 43.2MB /  106MB, 2.83MB/s  [A


  final_model.pt              :  41%|‚Ėą‚Ėą‚Ėą‚Ėą      | 43.8MB /  106MB            [A[A
Processing Files (0 / 1)      :  41%|‚Ėą‚Ėą‚Ėą‚Ėą      | 43.8MB /  106MB, 2.83MB/s

New Data Upload               :  41%|‚Ėą‚Ėą‚Ėą‚Ėą      | 43.8MB /  106MB, 2.83MB/s  [A


  final_model.pt              :  42%|‚Ėą‚Ėą‚Ėą‚Ėą‚ĖŹ     | 44.3MB /  106MB            [A[A
Processing Files (0 / 1)      :  42%|‚Ėą‚Ėą‚Ėą‚Ėą‚ĖŹ     | 44.3MB /  106MB, 2.88MB/s

New Data Upload               :  42%|‚Ėą‚Ėą‚Ėą‚Ėą‚ĖŹ     | 44.3MB /  106MB, 2.88MB/s  [A


  final_model.pt              :  42%|‚Ėą‚Ėą‚Ėą‚Ėą‚ĖŹ     | 44.9MB /  106MB            [A[A
Processing Files (0 / 1)      :  42%|‚Ėą‚Ėą‚Ėą‚Ėą‚ĖŹ     | 44.9MB /  106MB, 2.88MB/s

New Data Upload               :  42%|‚Ėą‚Ėą‚Ėą‚Ėą‚ĖŹ     | 44.9MB /  106MB, 2.88MB/s  [A


  final_model.pt              :  43%|‚Ėą‚Ėą‚Ėą‚Ėą‚Ėé     | 45.4MB /  106MB            [A[A
Processing Files (0 / 1)      :  43%|‚Ėą‚Ėą‚Ėą‚Ėą‚Ėé     | 45.4MB /  106MB, 2.88MB/s

New Data Upload               :  43%|‚Ėą‚Ėą‚Ėą‚Ėą‚Ėé     | 45.4MB /  106MB, 2.88MB/s  [A


  final_model.pt              :  43%|‚Ėą‚Ėą‚Ėą‚Ėą‚Ėé     | 46.0MB /  106MB            [A[A
Processing Files (0 / 1)      :  43%|‚Ėą‚Ėą‚Ėą‚Ėą‚Ėé     | 46.0MB /  106MB, 2.93MB/s

New Data Upload               :  43%|‚Ėą‚Ėą‚Ėą‚Ėą‚Ėé     | 46.0MB /  106MB, 2.93MB/s  [A


  final_model.pt              :  44%|‚Ėą‚Ėą‚Ėą‚Ėą‚Ėć     | 46.6MB /  106MB            [A[A
Processing Files (0 / 1)      :  44%|‚Ėą‚Ėą‚Ėą‚Ėą‚Ėć     | 46.6MB /  106MB, 2.88MB/s

New Data Upload               :  44%|‚Ėą‚Ėą‚Ėą‚Ėą‚Ėć     | 46.6MB /  106MB, 2.88MB/s  [A


  final_model.pt              :  44%|‚Ėą‚Ėą‚Ėą‚Ėą‚Ėć     | 47.1MB /  106MB            [A[A
Processing Files (0 / 1)      :  44%|‚Ėą‚Ėą‚Ėą‚Ėą‚Ėć     | 47.1MB /  106MB, 2.88MB/s

New Data Upload               :  44%|‚Ėą‚Ėą‚Ėą‚Ėą‚Ėć     | 47.1MB /  106MB, 2.88MB/s  [A


  final_model.pt              :  45%|‚Ėą‚Ėą‚Ėą‚Ėą‚Ėć     | 47.7MB /  106MB            [A[A
Processing Files (0 / 1)      :  45%|‚Ėą‚Ėą‚Ėą‚Ėą‚Ėć     | 47.7MB /  106MB, 2.93MB/s

New Data Upload               :  45%|‚Ėą‚Ėą‚Ėą‚Ėą‚Ėć     | 47.7MB /  106MB, 2.93MB/s  [A


  final_model.pt              :  46%|‚Ėą‚Ėą‚Ėą‚Ėą‚ĖĆ     | 48.8MB /  106MB            [A[A
Processing Files (0 / 1)      :  46%|‚Ėą‚Ėą‚Ėą‚Ėą‚ĖĆ     | 48.8MB /  106MB, 2.99MB/s

New Data Upload               :  46%|‚Ėą‚Ėą‚Ėą‚Ėą‚ĖĆ     | 48.8MB /  106MB, 2.99MB/s  [A


  final_model.pt              :  46%|‚Ėą‚Ėą‚Ėą‚Ėą‚Ėč     | 49.3MB /  106MB            [A[A
Processing Files (0 / 1)      :  46%|‚Ėą‚Ėą‚Ėą‚Ėą‚Ėč     | 49.3MB /  106MB, 2.99MB/s

New Data Upload               :  46%|‚Ėą‚Ėą‚Ėą‚Ėą‚Ėč     | 49.3MB /  106MB, 2.99MB/s  [A


  final_model.pt              :  47%|‚Ėą‚Ėą‚Ėą‚Ėą‚Ėč     | 49.9MB /  106MB            [A[A
Processing Files (0 / 1)      :  47%|‚Ėą‚Ėą‚Ėą‚Ėą‚Ėč     | 49.9MB /  106MB, 3.04MB/s

New Data Upload               :  47%|‚Ėą‚Ėą‚Ėą‚Ėą‚Ėč     | 49.9MB /  106MB, 3.04MB/s  [A


  final_model.pt              :  47%|‚Ėą‚Ėą‚Ėą‚Ėą‚Ėč     | 50.4MB /  106MB            [A[A
Processing Files (0 / 1)      :  47%|‚Ėą‚Ėą‚Ėą‚Ėą‚Ėč     | 50.4MB /  106MB, 3.04MB/s

New Data Upload               :  47%|‚Ėą‚Ėą‚Ėą‚Ėą‚Ėč     | 50.4MB /  106MB, 3.04MB/s  [A


  final_model.pt              :  48%|‚Ėą‚Ėą‚Ėą‚Ėą‚Ėä     | 51.0MB /  106MB            [A[A
Processing Files (0 / 1)      :  48%|‚Ėą‚Ėą‚Ėą‚Ėą‚Ėä     | 51.0MB /  106MB, 2.99MB/s

New Data Upload               :  48%|‚Ėą‚Ėą‚Ėą‚Ėą‚Ėä     | 51.0MB /  106MB, 2.99MB/s  [A


  final_model.pt              :  48%|‚Ėą‚Ėą‚Ėą‚Ėą‚Ėä     | 51.5MB /  106MB            [A[A
Processing Files (0 / 1)      :  48%|‚Ėą‚Ėą‚Ėą‚Ėą‚Ėä     | 51.5MB /  106MB, 3.04MB/s

New Data Upload               :  48%|‚Ėą‚Ėą‚Ėą‚Ėą‚Ėä     | 51.5MB /  106MB, 3.04MB/s  [A


  final_model.pt              :  49%|‚Ėą‚Ėą‚Ėą‚Ėą‚ĖČ     | 52.1MB /  106MB            [A[A
Processing Files (0 / 1)      :  49%|‚Ėą‚Ėą‚Ėą‚Ėą‚ĖČ     | 52.1MB /  106MB, 3.04MB/s

New Data Upload               :  49%|‚Ėą‚Ėą‚Ėą‚Ėą‚ĖČ     | 52.1MB /  106MB, 3.04MB/s  [A


  final_model.pt              :  50%|‚Ėą‚Ėą‚Ėą‚Ėą‚ĖČ     | 52.7MB /  106MB            [A[A
Processing Files (0 / 1)      :  50%|‚Ėą‚Ėą‚Ėą‚Ėą‚ĖČ     | 52.7MB /  106MB, 3.04MB/s

New Data Upload               :  50%|‚Ėą‚Ėą‚Ėą‚Ėą‚ĖČ     | 52.7MB /  106MB, 3.04MB/s  [A


  final_model.pt              :  50%|‚Ėą‚Ėą‚Ėą‚Ėą‚Ėą     | 53.2MB /  106MB            [A[A
Processing Files (0 / 1)      :  50%|‚Ėą‚Ėą‚Ėą‚Ėą‚Ėą     | 53.2MB /  106MB, 3.10MB/s

New Data Upload               :  50%|‚Ėą‚Ėą‚Ėą‚Ėą‚Ėą     | 53.2MB /  106MB, 3.10MB/s  [A


  final_model.pt              :  51%|‚Ėą‚Ėą‚Ėą‚Ėą‚Ėą     | 53.8MB /  106MB            [A[A
Processing Files (0 / 1)      :  51%|‚Ėą‚Ėą‚Ėą‚Ėą‚Ėą     | 53.8MB /  106MB, 3.04MB/s

New Data Upload               :  51%|‚Ėą‚Ėą‚Ėą‚Ėą‚Ėą     | 53.8MB /  106MB, 3.04MB/s  [A


  final_model.pt              :  51%|‚Ėą‚Ėą‚Ėą‚Ėą‚Ėą     | 54.3MB /  106MB            [A[A
Processing Files (0 / 1)      :  51%|‚Ėą‚Ėą‚Ėą‚Ėą‚Ėą     | 54.3MB /  106MB, 3.04MB/s

New Data Upload               :  51%|‚Ėą‚Ėą‚Ėą‚Ėą‚Ėą     | 54.3MB /  106MB, 3.04MB/s  [A


  final_model.pt              :  52%|‚Ėą‚Ėą‚Ėą‚Ėą‚Ėą‚ĖŹ    | 55.4MB /  106MB            [A[A
Processing Files (0 / 1)      :  52%|‚Ėą‚Ėą‚Ėą‚Ėą‚Ėą‚ĖŹ    | 55.4MB /  106MB, 3.15MB/s

New Data Upload               :  52%|‚Ėą‚Ėą‚Ėą‚Ėą‚Ėą‚ĖŹ    | 55.4MB /  106MB, 3.15MB/s  [A


  final_model.pt              :  53%|‚Ėą‚Ėą‚Ėą‚Ėą‚Ėą‚Ėé    | 56.0MB /  106MB            [A[A
Processing Files (0 / 1)      :  53%|‚Ėą‚Ėą‚Ėą‚Ėą‚Ėą‚Ėé    | 56.0MB /  106MB, 3.10MB/s

New Data Upload               :  53%|‚Ėą‚Ėą‚Ėą‚Ėą‚Ėą‚Ėé    | 56.0MB /  106MB, 3.10MB/s  [A


  final_model.pt              :  53%|‚Ėą‚Ėą‚Ėą‚Ėą‚Ėą‚Ėé    | 56.5MB /  106MB            [A[A
Processing Files (0 / 1)      :  53%|‚Ėą‚Ėą‚Ėą‚Ėą‚Ėą‚Ėé    | 56.5MB /  106MB, 3.10MB/s

New Data Upload               :  53%|‚Ėą‚Ėą‚Ėą‚Ėą‚Ėą‚Ėé    | 56.5MB /  106MB, 3.10MB/s  [A


  final_model.pt              :  54%|‚Ėą‚Ėą‚Ėą‚Ėą‚Ėą‚Ėé    | 57.1MB /  106MB            [A[A
Processing Files (0 / 1)      :  54%|‚Ėą‚Ėą‚Ėą‚Ėą‚Ėą‚Ėé    | 57.1MB /  106MB, 3.10MB/s

New Data Upload               :  54%|‚Ėą‚Ėą‚Ėą‚Ėą‚Ėą‚Ėé    | 57.1MB /  106MB, 3.10MB/s  [A


  final_model.pt              :  54%|‚Ėą‚Ėą‚Ėą‚Ėą‚Ėą‚Ėć    | 57.6MB /  106MB            [A[A
Processing Files (0 / 1)      :  54%|‚Ėą‚Ėą‚Ėą‚Ėą‚Ėą‚Ėć    | 57.6MB /  106MB, 3.15MB/s

New Data Upload               :  54%|‚Ėą‚Ėą‚Ėą‚Ėą‚Ėą‚Ėć    | 57.6MB /  106MB, 3.15MB/s  [A


  final_model.pt              :  55%|‚Ėą‚Ėą‚Ėą‚Ėą‚Ėą‚Ėć    | 58.2MB /  106MB            [A[A
Processing Files (0 / 1)      :  55%|‚Ėą‚Ėą‚Ėą‚Ėą‚Ėą‚Ėć    | 58.2MB /  106MB, 3.10MB/s

New Data Upload               :  55%|‚Ėą‚Ėą‚Ėą‚Ėą‚Ėą‚Ėć    | 58.2MB /  106MB, 3.10MB/s  [A


  final_model.pt              :  56%|‚Ėą‚Ėą‚Ėą‚Ėą‚Ėą‚ĖĆ    | 59.3MB /  106MB            [A[A
Processing Files (0 / 1)      :  56%|‚Ėą‚Ėą‚Ėą‚Ėą‚Ėą‚ĖĆ    | 59.3MB /  106MB, 3.15MB/s

New Data Upload               :  56%|‚Ėą‚Ėą‚Ėą‚Ėą‚Ėą‚ĖĆ    | 59.3MB /  106MB, 3.15MB/s  [A


  final_model.pt              :  56%|‚Ėą‚Ėą‚Ėą‚Ėą‚Ėą‚ĖĆ    | 59.3MB /  106MB            [A[A


  final_model.pt              :  56%|‚Ėą‚Ėą‚Ėą‚Ėą‚Ėą‚Ėč    | 59.9MB /  106MB            [A[A
Processing Files (0 / 1)      :  56%|‚Ėą‚Ėą‚Ėą‚Ėą‚Ėą‚Ėč    | 59.9MB /  106MB, 3.10MB/s

New Data Upload               :  56%|‚Ėą‚Ėą‚Ėą‚Ėą‚Ėą‚Ėč    | 59.9MB /  106MB, 3.10MB/s  [A


  final_model.pt              :  57%|‚Ėą‚Ėą‚Ėą‚Ėą‚Ėą‚Ėč    | 60.4MB /  106MB            [A[A
Processing Files (0 / 1)      :  57%|‚Ėą‚Ėą‚Ėą‚Ėą‚Ėą‚Ėč    | 60.4MB /  106MB, 3.10MB/s

New Data Upload               :  57%|‚Ėą‚Ėą‚Ėą‚Ėą‚Ėą‚Ėč    | 60.4MB /  106MB, 3.10MB/s  [A


  final_model.pt              :  57%|‚Ėą‚Ėą‚Ėą‚Ėą‚Ėą‚Ėč    | 60.4MB /  106MB            [A[A


  final_model.pt              :  58%|‚Ėą‚Ėą‚Ėą‚Ėą‚Ėą‚Ėä    | 61.5MB /  106MB            [A[A
Processing Files (0 / 1)      :  58%|‚Ėą‚Ėą‚Ėą‚Ėą‚Ėą‚Ėä    | 61.5MB /  106MB, 3.10MB/s

New Data Upload               :  58%|‚Ėą‚Ėą‚Ėą‚Ėą‚Ėą‚Ėä    | 61.5MB /  106MB, 3.10MB/s  [A


  final_model.pt              :  58%|‚Ėą‚Ėą‚Ėą‚Ėą‚Ėą‚Ėä    | 62.1MB /  106MB            [A[A
Processing Files (0 / 1)      :  58%|‚Ėą‚Ėą‚Ėą‚Ėą‚Ėą‚Ėä    | 62.1MB /  106MB, 3.10MB/s

New Data Upload               :  58%|‚Ėą‚Ėą‚Ėą‚Ėą‚Ėą‚Ėä    | 62.1MB /  106MB, 3.10MB/s  [A


  final_model.pt              :  58%|‚Ėą‚Ėą‚Ėą‚Ėą‚Ėą‚Ėä    | 62.1MB /  106MB            [A[A


  final_model.pt              :  59%|‚Ėą‚Ėą‚Ėą‚Ėą‚Ėą‚ĖČ    | 63.2MB /  106MB            [A[A
Processing Files (0 / 1)      :  59%|‚Ėą‚Ėą‚Ėą‚Ėą‚Ėą‚ĖČ    | 63.2MB /  106MB, 3.10MB/s

New Data Upload               :  59%|‚Ėą‚Ėą‚Ėą‚Ėą‚Ėą‚ĖČ    | 63.2MB /  106MB, 3.10MB/s  [A


  final_model.pt              :  60%|‚Ėą‚Ėą‚Ėą‚Ėą‚Ėą‚ĖČ    | 63.7MB /  106MB            [A[A
Processing Files (0 / 1)      :  60%|‚Ėą‚Ėą‚Ėą‚Ėą‚Ėą‚ĖČ    | 63.7MB /  106MB, 3.10MB/s

New Data Upload               :  60%|‚Ėą‚Ėą‚Ėą‚Ėą‚Ėą‚ĖČ    | 63.7MB /  106MB, 3.10MB/s  [A


  final_model.pt              :  60%|‚Ėą‚Ėą‚Ėą‚Ėą‚Ėą‚ĖČ    | 63.7MB /  106MB            [A[A


  final_model.pt              :  61%|‚Ėą‚Ėą‚Ėą‚Ėą‚Ėą‚Ėą    | 64.8MB /  106MB            [A[A
Processing Files (0 / 1)      :  61%|‚Ėą‚Ėą‚Ėą‚Ėą‚Ėą‚Ėą    | 64.8MB /  106MB, 3.04MB/s

New Data Upload               :  61%|‚Ėą‚Ėą‚Ėą‚Ėą‚Ėą‚Ėą    | 64.8MB /  106MB, 3.04MB/s  [A


  final_model.pt              :  62%|‚Ėą‚Ėą‚Ėą‚Ėą‚Ėą‚Ėą‚ĖŹ   | 65.4MB /  106MB            [A[A
Processing Files (0 / 1)      :  62%|‚Ėą‚Ėą‚Ėą‚Ėą‚Ėą‚Ėą‚ĖŹ   | 65.4MB /  106MB, 3.04MB/s

New Data Upload               :  62%|‚Ėą‚Ėą‚Ėą‚Ėą‚Ėą‚Ėą‚ĖŹ   | 65.4MB /  106MB, 3.04MB/s  [A


  final_model.pt              :  62%|‚Ėą‚Ėą‚Ėą‚Ėą‚Ėą‚Ėą‚ĖŹ   | 65.4MB /  106MB            [A[A


  final_model.pt              :  63%|‚Ėą‚Ėą‚Ėą‚Ėą‚Ėą‚Ėą‚Ėé   | 66.5MB /  106MB            [A[A
Processing Files (0 / 1)      :  63%|‚Ėą‚Ėą‚Ėą‚Ėą‚Ėą‚Ėą‚Ėé   | 66.5MB /  106MB, 3.04MB/s

New Data Upload               :  63%|‚Ėą‚Ėą‚Ėą‚Ėą‚Ėą‚Ėą‚Ėé   | 66.5MB /  106MB, 3.04MB/s  [A


  final_model.pt              :  63%|‚Ėą‚Ėą‚Ėą‚Ėą‚Ėą‚Ėą‚Ėé   | 66.5MB /  106MB            [A[A


  final_model.pt              :  63%|‚Ėą‚Ėą‚Ėą‚Ėą‚Ėą‚Ėą‚Ėé   | 66.5MB /  106MB            [A[A


  final_model.pt              :  63%|‚Ėą‚Ėą‚Ėą‚Ėą‚Ėą‚Ėą‚Ėé   | 66.5MB /  106MB            [A[A


  final_model.pt              :  63%|‚Ėą‚Ėą‚Ėą‚Ėą‚Ėą‚Ėą‚Ėé   | 66.5MB /  106MB            [A[A


  final_model.pt              :  63%|‚Ėą‚Ėą‚Ėą‚Ėą‚Ėą‚Ėą‚Ėé   | 66.5MB /  106MB            [A[A


  final_model.pt              :  64%|‚Ėą‚Ėą‚Ėą‚Ėą‚Ėą‚Ėą‚Ėé   | 67.6MB /  106MB            [A[A
Processing Files (0 / 1)      :  64%|‚Ėą‚Ėą‚Ėą‚Ėą‚Ėą‚Ėą‚Ėé   | 67.6MB /  106MB, 2.77MB/s

New Data Upload               :  64%|‚Ėą‚Ėą‚Ėą‚Ėą‚Ėą‚Ėą‚Ėé   | 67.6MB /  106MB, 2.77MB/s  [A


  final_model.pt              :  64%|‚Ėą‚Ėą‚Ėą‚Ėą‚Ėą‚Ėą‚Ėé   | 67.6MB /  106MB            [A[A


  final_model.pt              :  64%|‚Ėą‚Ėą‚Ėą‚Ėą‚Ėą‚Ėą‚Ėé   | 67.6MB /  106MB            [A[A


  final_model.pt              :  64%|‚Ėą‚Ėą‚Ėą‚Ėą‚Ėą‚Ėą‚Ėé   | 67.6MB /  106MB            [A[A


  final_model.pt              :  64%|‚Ėą‚Ėą‚Ėą‚Ėą‚Ėą‚Ėą‚Ėé   | 67.6MB /  106MB            [A[A


  final_model.pt              :  64%|‚Ėą‚Ėą‚Ėą‚Ėą‚Ėą‚Ėą‚Ėé   | 67.6MB /  106MB            [A[A


  final_model.pt              :  64%|‚Ėą‚Ėą‚Ėą‚Ėą‚Ėą‚Ėą‚Ėé   | 67.6MB /  106MB            [A[A


  final_model.pt              :  64%|‚Ėą‚Ėą‚Ėą‚Ėą‚Ėą‚Ėą‚Ėé   | 67.6MB /  106MB            [A[A


  final_model.pt              :  64%|‚Ėą‚Ėą‚Ėą‚Ėą‚Ėą‚Ėą‚Ėé   | 67.6MB /  106MB            [A[A


  final_model.pt              :  65%|‚Ėą‚Ėą‚Ėą‚Ėą‚Ėą‚Ėą‚Ėć   | 68.7MB /  106MB            [A[A
Processing Files (0 / 1)      :  65%|‚Ėą‚Ėą‚Ėą‚Ėą‚Ėą‚Ėą‚Ėć   | 68.7MB /  106MB, 2.28MB/s

New Data Upload               :  65%|‚Ėą‚Ėą‚Ėą‚Ėą‚Ėą‚Ėą‚Ėć   | 68.7MB /  106MB, 2.28MB/s  [A


  final_model.pt              :  65%|‚Ėą‚Ėą‚Ėą‚Ėą‚Ėą‚Ėą‚Ėć   | 68.7MB /  106MB            [A[A


  final_model.pt              :  65%|‚Ėą‚Ėą‚Ėą‚Ėą‚Ėą‚Ėą‚Ėć   | 68.7MB /  106MB            [A[A


  final_model.pt              :  65%|‚Ėą‚Ėą‚Ėą‚Ėą‚Ėą‚Ėą‚Ėć   | 68.7MB /  106MB            [A[A


  final_model.pt              :  65%|‚Ėą‚Ėą‚Ėą‚Ėą‚Ėą‚Ėą‚Ėć   | 68.7MB /  106MB            [A[A


  final_model.pt              :  65%|‚Ėą‚Ėą‚Ėą‚Ėą‚Ėą‚Ėą‚Ėć   | 68.7MB /  106MB            [A[A


  final_model.pt              :  65%|‚Ėą‚Ėą‚Ėą‚Ėą‚Ėą‚Ėą‚Ėć   | 68.7MB /  106MB            [A[A


  final_model.pt              :  65%|‚Ėą‚Ėą‚Ėą‚Ėą‚Ėą‚Ėą‚ĖĆ   | 69.3MB /  106MB            [A[A
Processing Files (0 / 1)      :  65%|‚Ėą‚Ėą‚Ėą‚Ėą‚Ėą‚Ėą‚ĖĆ   | 69.3MB /  106MB, 1.90MB/s

New Data Upload               :  65%|‚Ėą‚Ėą‚Ėą‚Ėą‚Ėą‚Ėą‚ĖĆ   | 69.3MB /  106MB, 1.90MB/s  [A


  final_model.pt              :  65%|‚Ėą‚Ėą‚Ėą‚Ėą‚Ėą‚Ėą‚ĖĆ   | 69.3MB /  106MB            [A[A


  final_model.pt              :  65%|‚Ėą‚Ėą‚Ėą‚Ėą‚Ėą‚Ėą‚ĖĆ   | 69.3MB /  106MB            [A[A


  final_model.pt              :  65%|‚Ėą‚Ėą‚Ėą‚Ėą‚Ėą‚Ėą‚ĖĆ   | 69.3MB /  106MB            [A[A


  final_model.pt              :  66%|‚Ėą‚Ėą‚Ėą‚Ėą‚Ėą‚Ėą‚ĖĆ   | 69.8MB /  106MB            [A[A
Processing Files (0 / 1)      :  66%|‚Ėą‚Ėą‚Ėą‚Ėą‚Ėą‚Ėą‚ĖĆ   | 69.8MB /  106MB, 1.74MB/s

New Data Upload               :  66%|‚Ėą‚Ėą‚Ėą‚Ėą‚Ėą‚Ėą‚ĖĆ   | 69.8MB /  106MB, 1.74MB/s  [A


  final_model.pt              :  66%|‚Ėą‚Ėą‚Ėą‚Ėą‚Ėą‚Ėą‚ĖĆ   | 69.8MB /  106MB            [A[A


  final_model.pt              :  66%|‚Ėą‚Ėą‚Ėą‚Ėą‚Ėą‚Ėą‚ĖĆ   | 69.8MB /  106MB            [A[A


  final_model.pt              :  66%|‚Ėą‚Ėą‚Ėą‚Ėą‚Ėą‚Ėą‚ĖĆ   | 70.4MB /  106MB            [A[A
Processing Files (0 / 1)      :  66%|‚Ėą‚Ėą‚Ėą‚Ėą‚Ėą‚Ėą‚ĖĆ   | 70.4MB /  106MB, 1.63MB/s

New Data Upload               :  66%|‚Ėą‚Ėą‚Ėą‚Ėą‚Ėą‚Ėą‚ĖĆ   | 70.4MB /  106MB, 1.63MB/s  [A


  final_model.pt              :  66%|‚Ėą‚Ėą‚Ėą‚Ėą‚Ėą‚Ėą‚ĖĆ   | 70.4MB /  106MB            [A[A


  final_model.pt              :  66%|‚Ėą‚Ėą‚Ėą‚Ėą‚Ėą‚Ėą‚ĖĆ   | 70.4MB /  106MB            [A[A


  final_model.pt              :  66%|‚Ėą‚Ėą‚Ėą‚Ėą‚Ėą‚Ėą‚ĖĆ   | 70.4MB /  106MB            [A[A


  final_model.pt              :  67%|‚Ėą‚Ėą‚Ėą‚Ėą‚Ėą‚Ėą‚Ėč   | 70.9MB /  106MB            [A[A
Processing Files (0 / 1)      :  67%|‚Ėą‚Ėą‚Ėą‚Ėą‚Ėą‚Ėą‚Ėč   | 70.9MB /  106MB, 1.41MB/s

New Data Upload               :  67%|‚Ėą‚Ėą‚Ėą‚Ėą‚Ėą‚Ėą‚Ėč   | 70.9MB /  106MB, 1.41MB/s  [A


  final_model.pt              :  67%|‚Ėą‚Ėą‚Ėą‚Ėą‚Ėą‚Ėą‚Ėč   | 70.9MB /  106MB            [A[A


  final_model.pt              :  67%|‚Ėą‚Ėą‚Ėą‚Ėą‚Ėą‚Ėą‚Ėč   | 70.9MB /  106MB            [A[A


  final_model.pt              :  67%|‚Ėą‚Ėą‚Ėą‚Ėą‚Ėą‚Ėą‚Ėč   | 71.5MB /  106MB            [A[A
Processing Files (0 / 1)      :  67%|‚Ėą‚Ėą‚Ėą‚Ėą‚Ėą‚Ėą‚Ėč   | 71.5MB /  106MB, 1.30MB/s

New Data Upload               :  67%|‚Ėą‚Ėą‚Ėą‚Ėą‚Ėą‚Ėą‚Ėč   | 71.5MB /  106MB, 1.30MB/s  [A


  final_model.pt              :  67%|‚Ėą‚Ėą‚Ėą‚Ėą‚Ėą‚Ėą‚Ėč   | 71.5MB /  106MB            [A[A


  final_model.pt              :  67%|‚Ėą‚Ėą‚Ėą‚Ėą‚Ėą‚Ėą‚Ėč   | 71.5MB /  106MB            [A[A


  final_model.pt              :  68%|‚Ėą‚Ėą‚Ėą‚Ėą‚Ėą‚Ėą‚Ėä   | 72.0MB /  106MB            [A[A
Processing Files (0 / 1)      :  68%|‚Ėą‚Ėą‚Ėą‚Ėą‚Ėą‚Ėą‚Ėä   | 72.0MB /  106MB, 1.19MB/s

New Data Upload               :  68%|‚Ėą‚Ėą‚Ėą‚Ėą‚Ėą‚Ėą‚Ėä   | 72.0MB /  106MB, 1.19MB/s  [A


  final_model.pt              :  68%|‚Ėą‚Ėą‚Ėą‚Ėą‚Ėą‚Ėą‚Ėä   | 72.0MB /  106MB            [A[A


  final_model.pt              :  68%|‚Ėą‚Ėą‚Ėą‚Ėą‚Ėą‚Ėą‚Ėä   | 72.6MB /  106MB            [A[A
Processing Files (0 / 1)      :  68%|‚Ėą‚Ėą‚Ėą‚Ėą‚Ėą‚Ėą‚Ėä   | 72.6MB /  106MB, 1.19MB/s

New Data Upload               :  68%|‚Ėą‚Ėą‚Ėą‚Ėą‚Ėą‚Ėą‚Ėä   | 72.6MB /  106MB, 1.19MB/s  [A


  final_model.pt              :  68%|‚Ėą‚Ėą‚Ėą‚Ėą‚Ėą‚Ėą‚Ėä   | 72.6MB /  106MB            [A[A


  final_model.pt              :  69%|‚Ėą‚Ėą‚Ėą‚Ėą‚Ėą‚Ėą‚ĖČ   | 73.1MB /  106MB            [A[A
Processing Files (0 / 1)      :  69%|‚Ėą‚Ėą‚Ėą‚Ėą‚Ėą‚Ėą‚ĖČ   | 73.1MB /  106MB, 1.09MB/s

New Data Upload               :  69%|‚Ėą‚Ėą‚Ėą‚Ėą‚Ėą‚Ėą‚ĖČ   | 73.1MB /  106MB, 1.09MB/s  [A


  final_model.pt              :  69%|‚Ėą‚Ėą‚Ėą‚Ėą‚Ėą‚Ėą‚ĖČ   | 73.1MB /  106MB            [A[A


  final_model.pt              :  69%|‚Ėą‚Ėą‚Ėą‚Ėą‚Ėą‚Ėą‚ĖČ   | 73.1MB /  106MB            [A[A


  final_model.pt              :  69%|‚Ėą‚Ėą‚Ėą‚Ėą‚Ėą‚Ėą‚ĖČ   | 73.7MB /  106MB            [A[A
Processing Files (0 / 1)      :  69%|‚Ėą‚Ėą‚Ėą‚Ėą‚Ėą‚Ėą‚ĖČ   | 73.7MB /  106MB,  977kB/s

New Data Upload               :  69%|‚Ėą‚Ėą‚Ėą‚Ėą‚Ėą‚Ėą‚ĖČ   | 73.7MB /  106MB,  977kB/s  [A


  final_model.pt              :  69%|‚Ėą‚Ėą‚Ėą‚Ėą‚Ėą‚Ėą‚ĖČ   | 73.7MB /  106MB            [A[A


  final_model.pt              :  70%|‚Ėą‚Ėą‚Ėą‚Ėą‚Ėą‚Ėą‚ĖČ   | 74.3MB /  106MB            [A[A
Processing Files (0 / 1)      :  70%|‚Ėą‚Ėą‚Ėą‚Ėą‚Ėą‚Ėą‚ĖČ   | 74.3MB /  106MB,  922kB/s

New Data Upload               :  70%|‚Ėą‚Ėą‚Ėą‚Ėą‚Ėą‚Ėą‚ĖČ   | 74.3MB /  106MB,  922kB/s  [A


  final_model.pt              :  70%|‚Ėą‚Ėą‚Ėą‚Ėą‚Ėą‚Ėą‚ĖČ   | 74.3MB /  106MB            [A[A


  final_model.pt              :  71%|‚Ėą‚Ėą‚Ėą‚Ėą‚Ėą‚Ėą‚Ėą   | 75.4MB /  106MB            [A[A
Processing Files (0 / 1)      :  71%|‚Ėą‚Ėą‚Ėą‚Ėą‚Ėą‚Ėą‚Ėą   | 75.4MB /  106MB,  977kB/s

New Data Upload               :  71%|‚Ėą‚Ėą‚Ėą‚Ėą‚Ėą‚Ėą‚Ėą   | 75.4MB /  106MB,  977kB/s  [A


  final_model.pt              :  71%|‚Ėą‚Ėą‚Ėą‚Ėą‚Ėą‚Ėą‚Ėą   | 75.4MB /  106MB            [A[A


  final_model.pt              :  71%|‚Ėą‚Ėą‚Ėą‚Ėą‚Ėą‚Ėą‚Ėą‚ĖŹ  | 75.9MB /  106MB            [A[A
Processing Files (0 / 1)      :  71%|‚Ėą‚Ėą‚Ėą‚Ėą‚Ėą‚Ėą‚Ėą‚ĖŹ  | 75.9MB /  106MB,  922kB/s

New Data Upload               :  71%|‚Ėą‚Ėą‚Ėą‚Ėą‚Ėą‚Ėą‚Ėą‚ĖŹ  | 75.9MB /  106MB,  922kB/s  [A


  final_model.pt              :  71%|‚Ėą‚Ėą‚Ėą‚Ėą‚Ėą‚Ėą‚Ėą‚ĖŹ  | 75.9MB /  106MB            [A[A


  final_model.pt              :  72%|‚Ėą‚Ėą‚Ėą‚Ėą‚Ėą‚Ėą‚Ėą‚ĖŹ  | 76.5MB /  106MB            [A[A
Processing Files (0 / 1)      :  72%|‚Ėą‚Ėą‚Ėą‚Ėą‚Ėą‚Ėą‚Ėą‚ĖŹ  | 76.5MB /  106MB,  977kB/s

New Data Upload               :  72%|‚Ėą‚Ėą‚Ėą‚Ėą‚Ėą‚Ėą‚Ėą‚ĖŹ  | 76.5MB /  106MB,  977kB/s  [A


  final_model.pt              :  72%|‚Ėą‚Ėą‚Ėą‚Ėą‚Ėą‚Ėą‚Ėą‚ĖŹ  | 76.5MB /  106MB            [A[A


  final_model.pt              :  72%|‚Ėą‚Ėą‚Ėą‚Ėą‚Ėą‚Ėą‚Ėą‚ĖŹ  | 77.0MB /  106MB            [A[A
Processing Files (0 / 1)      :  72%|‚Ėą‚Ėą‚Ėą‚Ėą‚Ėą‚Ėą‚Ėą‚ĖŹ  | 77.0MB /  106MB, 1.03MB/s

New Data Upload               :  72%|‚Ėą‚Ėą‚Ėą‚Ėą‚Ėą‚Ėą‚Ėą‚ĖŹ  | 77.0MB /  106MB, 1.03MB/s  [A


  final_model.pt              :  72%|‚Ėą‚Ėą‚Ėą‚Ėą‚Ėą‚Ėą‚Ėą‚ĖŹ  | 77.0MB /  106MB            [A[A


  final_model.pt              :  73%|‚Ėą‚Ėą‚Ėą‚Ėą‚Ėą‚Ėą‚Ėą‚Ėé  | 77.6MB /  106MB            [A[A
Processing Files (0 / 1)      :  73%|‚Ėą‚Ėą‚Ėą‚Ėą‚Ėą‚Ėą‚Ėą‚Ėé  | 77.6MB /  106MB,  978kB/s

New Data Upload               :  73%|‚Ėą‚Ėą‚Ėą‚Ėą‚Ėą‚Ėą‚Ėą‚Ėé  | 77.6MB /  106MB,  978kB/s  [A


  final_model.pt              :  73%|‚Ėą‚Ėą‚Ėą‚Ėą‚Ėą‚Ėą‚Ėą‚Ėé  | 77.6MB /  106MB            [A[A


  final_model.pt              :  74%|‚Ėą‚Ėą‚Ėą‚Ėą‚Ėą‚Ėą‚Ėą‚Ėé  | 78.1MB /  106MB            [A[A
Processing Files (0 / 1)      :  74%|‚Ėą‚Ėą‚Ėą‚Ėą‚Ėą‚Ėą‚Ėą‚Ėé  | 78.1MB /  106MB, 1.03MB/s

New Data Upload               :  74%|‚Ėą‚Ėą‚Ėą‚Ėą‚Ėą‚Ėą‚Ėą‚Ėé  | 78.1MB /  106MB, 1.03MB/s  [A


  final_model.pt              :  74%|‚Ėą‚Ėą‚Ėą‚Ėą‚Ėą‚Ėą‚Ėą‚Ėé  | 78.1MB /  106MB            [A[A


  final_model.pt              :  75%|‚Ėą‚Ėą‚Ėą‚Ėą‚Ėą‚Ėą‚Ėą‚Ėć  | 79.2MB /  106MB            [A[A
Processing Files (0 / 1)      :  75%|‚Ėą‚Ėą‚Ėą‚Ėą‚Ėą‚Ėą‚Ėą‚Ėć  | 79.2MB /  106MB, 1.14MB/s

New Data Upload               :  75%|‚Ėą‚Ėą‚Ėą‚Ėą‚Ėą‚Ėą‚Ėą‚Ėć  | 79.2MB /  106MB, 1.14MB/s  [A


  final_model.pt              :  75%|‚Ėą‚Ėą‚Ėą‚Ėą‚Ėą‚Ėą‚Ėą‚ĖĆ  | 79.8MB /  106MB            [A[A
Processing Files (0 / 1)      :  75%|‚Ėą‚Ėą‚Ėą‚Ėą‚Ėą‚Ėą‚Ėą‚ĖĆ  | 79.8MB /  106MB, 1.20MB/s

New Data Upload               :  75%|‚Ėą‚Ėą‚Ėą‚Ėą‚Ėą‚Ėą‚Ėą‚ĖĆ  | 79.8MB /  106MB, 1.20MB/s  [A


  final_model.pt              :  75%|‚Ėą‚Ėą‚Ėą‚Ėą‚Ėą‚Ėą‚Ėą‚ĖĆ  | 79.8MB /  106MB            [A[A


  final_model.pt              :  76%|‚Ėą‚Ėą‚Ėą‚Ėą‚Ėą‚Ėą‚Ėą‚ĖĆ  | 80.3MB /  106MB            [A[A
Processing Files (0 / 1)      :  76%|‚Ėą‚Ėą‚Ėą‚Ėą‚Ėą‚Ėą‚Ėą‚ĖĆ  | 80.3MB /  106MB, 1.25MB/s

New Data Upload               :  76%|‚Ėą‚Ėą‚Ėą‚Ėą‚Ėą‚Ėą‚Ėą‚ĖĆ  | 80.3MB /  106MB, 1.25MB/s  [A


  final_model.pt              :  76%|‚Ėą‚Ėą‚Ėą‚Ėą‚Ėą‚Ėą‚Ėą‚ĖĆ  | 80.9MB /  106MB            [A[A
Processing Files (0 / 1)      :  76%|‚Ėą‚Ėą‚Ėą‚Ėą‚Ėą‚Ėą‚Ėą‚ĖĆ  | 80.9MB /  106MB, 1.20MB/s

New Data Upload               :  76%|‚Ėą‚Ėą‚Ėą‚Ėą‚Ėą‚Ėą‚Ėą‚ĖĆ  | 80.9MB /  106MB, 1.20MB/s  [A


  final_model.pt              :  77%|‚Ėą‚Ėą‚Ėą‚Ėą‚Ėą‚Ėą‚Ėą‚Ėč  | 81.5MB /  106MB            [A[A
Processing Files (0 / 1)      :  77%|‚Ėą‚Ėą‚Ėą‚Ėą‚Ėą‚Ėą‚Ėą‚Ėč  | 81.5MB /  106MB, 1.25MB/s

New Data Upload               :  77%|‚Ėą‚Ėą‚Ėą‚Ėą‚Ėą‚Ėą‚Ėą‚Ėč  | 81.5MB /  106MB, 1.25MB/s  [A


  final_model.pt              :  77%|‚Ėą‚Ėą‚Ėą‚Ėą‚Ėą‚Ėą‚Ėą‚Ėč  | 81.5MB /  106MB            [A[A


  final_model.pt              :  77%|‚Ėą‚Ėą‚Ėą‚Ėą‚Ėą‚Ėą‚Ėą‚Ėč  | 82.0MB /  106MB            [A[A
Processing Files (0 / 1)      :  77%|‚Ėą‚Ėą‚Ėą‚Ėą‚Ėą‚Ėą‚Ėą‚Ėč  | 82.0MB /  106MB, 1.30MB/s

New Data Upload               :  77%|‚Ėą‚Ėą‚Ėą‚Ėą‚Ėą‚Ėą‚Ėą‚Ėč  | 82.0MB /  106MB, 1.30MB/s  [A


  final_model.pt              :  77%|‚Ėą‚Ėą‚Ėą‚Ėą‚Ėą‚Ėą‚Ėą‚Ėč  | 82.0MB /  106MB            [A[A


  final_model.pt              :  78%|‚Ėą‚Ėą‚Ėą‚Ėą‚Ėą‚Ėą‚Ėą‚Ėä  | 82.6MB /  106MB            [A[A
Processing Files (0 / 1)      :  78%|‚Ėą‚Ėą‚Ėą‚Ėą‚Ėą‚Ėą‚Ėą‚Ėä  | 82.6MB /  106MB, 1.36MB/s

New Data Upload               :  78%|‚Ėą‚Ėą‚Ėą‚Ėą‚Ėą‚Ėą‚Ėą‚Ėä  | 82.6MB /  106MB, 1.36MB/s  [A


  final_model.pt              :  78%|‚Ėą‚Ėą‚Ėą‚Ėą‚Ėą‚Ėą‚Ėą‚Ėä  | 82.6MB /  106MB            [A[A


  final_model.pt              :  78%|‚Ėą‚Ėą‚Ėą‚Ėą‚Ėą‚Ėą‚Ėą‚Ėä  | 82.6MB /  106MB            [A[A


  final_model.pt              :  79%|‚Ėą‚Ėą‚Ėą‚Ėą‚Ėą‚Ėą‚Ėą‚Ėä  | 83.7MB /  106MB            [A[A
Processing Files (0 / 1)      :  79%|‚Ėą‚Ėą‚Ėą‚Ėą‚Ėą‚Ėą‚Ėą‚Ėä  | 83.7MB /  106MB, 1.41MB/s

New Data Upload               :  79%|‚Ėą‚Ėą‚Ėą‚Ėą‚Ėą‚Ėą‚Ėą‚Ėä  | 83.7MB /  106MB, 1.41MB/s  [A


  final_model.pt              :  79%|‚Ėą‚Ėą‚Ėą‚Ėą‚Ėą‚Ėą‚Ėą‚Ėä  | 83.7MB /  106MB            [A[A


  final_model.pt              :  79%|‚Ėą‚Ėą‚Ėą‚Ėą‚Ėą‚Ėą‚Ėą‚ĖČ  | 84.2MB /  106MB            [A[A
Processing Files (0 / 1)      :  79%|‚Ėą‚Ėą‚Ėą‚Ėą‚Ėą‚Ėą‚Ėą‚ĖČ  | 84.2MB /  106MB, 1.47MB/s

New Data Upload               :  79%|‚Ėą‚Ėą‚Ėą‚Ėą‚Ėą‚Ėą‚Ėą‚ĖČ  | 84.2MB /  106MB, 1.47MB/s  [A


  final_model.pt              :  79%|‚Ėą‚Ėą‚Ėą‚Ėą‚Ėą‚Ėą‚Ėą‚ĖČ  | 84.2MB /  106MB            [A[A


  final_model.pt              :  80%|‚Ėą‚Ėą‚Ėą‚Ėą‚Ėą‚Ėą‚Ėą‚ĖČ  | 84.8MB /  106MB            [A[A
Processing Files (0 / 1)      :  80%|‚Ėą‚Ėą‚Ėą‚Ėą‚Ėą‚Ėą‚Ėą‚ĖČ  | 84.8MB /  106MB, 1.47MB/s

New Data Upload               :  80%|‚Ėą‚Ėą‚Ėą‚Ėą‚Ėą‚Ėą‚Ėą‚ĖČ  | 84.8MB /  106MB, 1.47MB/s  [A


  final_model.pt              :  80%|‚Ėą‚Ėą‚Ėą‚Ėą‚Ėą‚Ėą‚Ėą‚ĖČ  | 84.8MB /  106MB            [A[A


  final_model.pt              :  80%|‚Ėą‚Ėą‚Ėą‚Ėą‚Ėą‚Ėą‚Ėą‚Ėą  | 85.3MB /  106MB            [A[A
Processing Files (0 / 1)      :  80%|‚Ėą‚Ėą‚Ėą‚Ėą‚Ėą‚Ėą‚Ėą‚Ėą  | 85.3MB /  106MB, 1.47MB/s

New Data Upload               :  80%|‚Ėą‚Ėą‚Ėą‚Ėą‚Ėą‚Ėą‚Ėą‚Ėą  | 85.3MB /  106MB, 1.47MB/s  [A


  final_model.pt              :  80%|‚Ėą‚Ėą‚Ėą‚Ėą‚Ėą‚Ėą‚Ėą‚Ėą  | 85.3MB /  106MB            [A[A


  final_model.pt              :  81%|‚Ėą‚Ėą‚Ėą‚Ėą‚Ėą‚Ėą‚Ėą‚Ėą  | 85.9MB /  106MB            [A[A
Processing Files (0 / 1)      :  81%|‚Ėą‚Ėą‚Ėą‚Ėą‚Ėą‚Ėą‚Ėą‚Ėą  | 85.9MB /  106MB, 1.52MB/s

New Data Upload               :  81%|‚Ėą‚Ėą‚Ėą‚Ėą‚Ėą‚Ėą‚Ėą‚Ėą  | 85.9MB /  106MB, 1.52MB/s  [A


  final_model.pt              :  81%|‚Ėą‚Ėą‚Ėą‚Ėą‚Ėą‚Ėą‚Ėą‚Ėą  | 85.9MB /  106MB            [A[A


  final_model.pt              :  81%|‚Ėą‚Ėą‚Ėą‚Ėą‚Ėą‚Ėą‚Ėą‚Ėą‚ĖŹ | 86.4MB /  106MB            [A[A
Processing Files (0 / 1)      :  81%|‚Ėą‚Ėą‚Ėą‚Ėą‚Ėą‚Ėą‚Ėą‚Ėą‚ĖŹ | 86.4MB /  106MB, 1.52MB/s

New Data Upload               :  81%|‚Ėą‚Ėą‚Ėą‚Ėą‚Ėą‚Ėą‚Ėą‚Ėą‚ĖŹ | 86.4MB /  106MB, 1.52MB/s  [A


  final_model.pt              :  81%|‚Ėą‚Ėą‚Ėą‚Ėą‚Ėą‚Ėą‚Ėą‚Ėą‚ĖŹ | 86.4MB /  106MB            [A[A


  final_model.pt              :  82%|‚Ėą‚Ėą‚Ėą‚Ėą‚Ėą‚Ėą‚Ėą‚Ėą‚ĖŹ | 87.0MB /  106MB            [A[A
Processing Files (0 / 1)      :  82%|‚Ėą‚Ėą‚Ėą‚Ėą‚Ėą‚Ėą‚Ėą‚Ėą‚ĖŹ | 87.0MB /  106MB, 1.58MB/s

New Data Upload               :  82%|‚Ėą‚Ėą‚Ėą‚Ėą‚Ėą‚Ėą‚Ėą‚Ėą‚ĖŹ | 87.0MB /  106MB, 1.58MB/s  [A


  final_model.pt              :  82%|‚Ėą‚Ėą‚Ėą‚Ėą‚Ėą‚Ėą‚Ėą‚Ėą‚ĖŹ | 87.0MB /  106MB            [A[A


  final_model.pt              :  82%|‚Ėą‚Ėą‚Ėą‚Ėą‚Ėą‚Ėą‚Ėą‚Ėą‚ĖŹ | 87.6MB /  106MB            [A[A
Processing Files (0 / 1)      :  82%|‚Ėą‚Ėą‚Ėą‚Ėą‚Ėą‚Ėą‚Ėą‚Ėą‚ĖŹ | 87.6MB /  106MB, 1.58MB/s

New Data Upload               :  82%|‚Ėą‚Ėą‚Ėą‚Ėą‚Ėą‚Ėą‚Ėą‚Ėą‚ĖŹ | 87.6MB /  106MB, 1.58MB/s  [A


  final_model.pt              :  82%|‚Ėą‚Ėą‚Ėą‚Ėą‚Ėą‚Ėą‚Ėą‚Ėą‚ĖŹ | 87.6MB /  106MB            [A[A


  final_model.pt              :  83%|‚Ėą‚Ėą‚Ėą‚Ėą‚Ėą‚Ėą‚Ėą‚Ėą‚Ėé | 88.7MB /  106MB            [A[A
Processing Files (0 / 1)      :  83%|‚Ėą‚Ėą‚Ėą‚Ėą‚Ėą‚Ėą‚Ėą‚Ėą‚Ėé | 88.7MB /  106MB, 1.63MB/s

New Data Upload               :  83%|‚Ėą‚Ėą‚Ėą‚Ėą‚Ėą‚Ėą‚Ėą‚Ėą‚Ėé | 88.7MB /  106MB, 1.63MB/s  [A


  final_model.pt              :  83%|‚Ėą‚Ėą‚Ėą‚Ėą‚Ėą‚Ėą‚Ėą‚Ėą‚Ėé | 88.7MB /  106MB            [A[A


  final_model.pt              :  84%|‚Ėą‚Ėą‚Ėą‚Ėą‚Ėą‚Ėą‚Ėą‚Ėą‚Ėć | 89.2MB /  106MB            [A[A
Processing Files (0 / 1)      :  84%|‚Ėą‚Ėą‚Ėą‚Ėą‚Ėą‚Ėą‚Ėą‚Ėą‚Ėć | 89.2MB /  106MB, 1.63MB/s

New Data Upload               :  84%|‚Ėą‚Ėą‚Ėą‚Ėą‚Ėą‚Ėą‚Ėą‚Ėą‚Ėć | 89.2MB /  106MB, 1.63MB/s  [A


  final_model.pt              :  84%|‚Ėą‚Ėą‚Ėą‚Ėą‚Ėą‚Ėą‚Ėą‚Ėą‚Ėć | 89.2MB /  106MB            [A[A


  final_model.pt              :  84%|‚Ėą‚Ėą‚Ėą‚Ėą‚Ėą‚Ėą‚Ėą‚Ėą‚Ėć | 89.8MB /  106MB            [A[A
Processing Files (0 / 1)      :  84%|‚Ėą‚Ėą‚Ėą‚Ėą‚Ėą‚Ėą‚Ėą‚Ėą‚Ėć | 89.8MB /  106MB, 1.63MB/s

New Data Upload               :  84%|‚Ėą‚Ėą‚Ėą‚Ėą‚Ėą‚Ėą‚Ėą‚Ėą‚Ėć | 89.8MB /  106MB, 1.63MB/s  [A


  final_model.pt              :  84%|‚Ėą‚Ėą‚Ėą‚Ėą‚Ėą‚Ėą‚Ėą‚Ėą‚Ėć | 89.8MB /  106MB            [A[A


  final_model.pt              :  84%|‚Ėą‚Ėą‚Ėą‚Ėą‚Ėą‚Ėą‚Ėą‚Ėą‚Ėć | 89.8MB /  106MB            [A[A


  final_model.pt              :  85%|‚Ėą‚Ėą‚Ėą‚Ėą‚Ėą‚Ėą‚Ėą‚Ėą‚Ėć | 90.3MB /  106MB            [A[A
Processing Files (0 / 1)      :  85%|‚Ėą‚Ėą‚Ėą‚Ėą‚Ėą‚Ėą‚Ėą‚Ėą‚Ėć | 90.3MB /  106MB, 1.63MB/s

New Data Upload               :  85%|‚Ėą‚Ėą‚Ėą‚Ėą‚Ėą‚Ėą‚Ėą‚Ėą‚Ėć | 90.3MB /  106MB, 1.63MB/s  [A


  final_model.pt              :  85%|‚Ėą‚Ėą‚Ėą‚Ėą‚Ėą‚Ėą‚Ėą‚Ėą‚Ėć | 90.3MB /  106MB            [A[A


  final_model.pt              :  86%|‚Ėą‚Ėą‚Ėą‚Ėą‚Ėą‚Ėą‚Ėą‚Ėą‚ĖĆ | 90.9MB /  106MB            [A[A
Processing Files (0 / 1)      :  86%|‚Ėą‚Ėą‚Ėą‚Ėą‚Ėą‚Ėą‚Ėą‚Ėą‚ĖĆ | 90.9MB /  106MB, 1.63MB/s

New Data Upload               :  86%|‚Ėą‚Ėą‚Ėą‚Ėą‚Ėą‚Ėą‚Ėą‚Ėą‚ĖĆ | 90.9MB /  106MB, 1.63MB/s  [A


  final_model.pt              :  86%|‚Ėą‚Ėą‚Ėą‚Ėą‚Ėą‚Ėą‚Ėą‚Ėą‚ĖĆ | 90.9MB /  106MB            [A[A


  final_model.pt              :  86%|‚Ėą‚Ėą‚Ėą‚Ėą‚Ėą‚Ėą‚Ėą‚Ėą‚ĖĆ | 90.9MB /  106MB            [A[A


  final_model.pt              :  86%|‚Ėą‚Ėą‚Ėą‚Ėą‚Ėą‚Ėą‚Ėą‚Ėą‚ĖĆ | 91.4MB /  106MB            [A[A
Processing Files (0 / 1)      :  86%|‚Ėą‚Ėą‚Ėą‚Ėą‚Ėą‚Ėą‚Ėą‚Ėą‚ĖĆ | 91.4MB /  106MB, 1.58MB/s

New Data Upload               :  86%|‚Ėą‚Ėą‚Ėą‚Ėą‚Ėą‚Ėą‚Ėą‚Ėą‚ĖĆ | 91.4MB /  106MB, 1.58MB/s  [A


  final_model.pt              :  86%|‚Ėą‚Ėą‚Ėą‚Ėą‚Ėą‚Ėą‚Ėą‚Ėą‚ĖĆ | 91.4MB /  106MB            [A[A


  final_model.pt              :  87%|‚Ėą‚Ėą‚Ėą‚Ėą‚Ėą‚Ėą‚Ėą‚Ėą‚Ėč | 92.0MB /  106MB            [A[A
Processing Files (0 / 1)      :  87%|‚Ėą‚Ėą‚Ėą‚Ėą‚Ėą‚Ėą‚Ėą‚Ėą‚Ėč | 92.0MB /  106MB, 1.58MB/s

New Data Upload               :  87%|‚Ėą‚Ėą‚Ėą‚Ėą‚Ėą‚Ėą‚Ėą‚Ėą‚Ėč | 92.0MB /  106MB, 1.58MB/s  [A


  final_model.pt              :  87%|‚Ėą‚Ėą‚Ėą‚Ėą‚Ėą‚Ėą‚Ėą‚Ėą‚Ėč | 92.0MB /  106MB            [A[A


  final_model.pt              :  87%|‚Ėą‚Ėą‚Ėą‚Ėą‚Ėą‚Ėą‚Ėą‚Ėą‚Ėč | 92.0MB /  106MB            [A[A


  final_model.pt              :  87%|‚Ėą‚Ėą‚Ėą‚Ėą‚Ėą‚Ėą‚Ėą‚Ėą‚Ėč | 92.5MB /  106MB            [A[A
Processing Files (0 / 1)      :  87%|‚Ėą‚Ėą‚Ėą‚Ėą‚Ėą‚Ėą‚Ėą‚Ėą‚Ėč | 92.5MB /  106MB, 1.52MB/s

New Data Upload               :  87%|‚Ėą‚Ėą‚Ėą‚Ėą‚Ėą‚Ėą‚Ėą‚Ėą‚Ėč | 92.5MB /  106MB, 1.52MB/s  [A


  final_model.pt              :  87%|‚Ėą‚Ėą‚Ėą‚Ėą‚Ėą‚Ėą‚Ėą‚Ėą‚Ėč | 92.5MB /  106MB            [A[A


  final_model.pt              :  88%|‚Ėą‚Ėą‚Ėą‚Ėą‚Ėą‚Ėą‚Ėą‚Ėą‚Ėä | 93.1MB /  106MB            [A[A
Processing Files (0 / 1)      :  88%|‚Ėą‚Ėą‚Ėą‚Ėą‚Ėą‚Ėą‚Ėą‚Ėą‚Ėä | 93.1MB /  106MB, 1.52MB/s

New Data Upload               :  88%|‚Ėą‚Ėą‚Ėą‚Ėą‚Ėą‚Ėą‚Ėą‚Ėą‚Ėä | 93.1MB /  106MB, 1.52MB/s  [A


  final_model.pt              :  88%|‚Ėą‚Ėą‚Ėą‚Ėą‚Ėą‚Ėą‚Ėą‚Ėą‚Ėä | 93.1MB /  106MB            [A[A


  final_model.pt              :  88%|‚Ėą‚Ėą‚Ėą‚Ėą‚Ėą‚Ėą‚Ėą‚Ėą‚Ėä | 93.1MB /  106MB            [A[A


  final_model.pt              :  89%|‚Ėą‚Ėą‚Ėą‚Ėą‚Ėą‚Ėą‚Ėą‚Ėą‚Ėä | 94.2MB /  106MB            [A[A
Processing Files (0 / 1)      :  89%|‚Ėą‚Ėą‚Ėą‚Ėą‚Ėą‚Ėą‚Ėą‚Ėą‚Ėä | 94.2MB /  106MB, 1.58MB/s

New Data Upload               :  89%|‚Ėą‚Ėą‚Ėą‚Ėą‚Ėą‚Ėą‚Ėą‚Ėą‚Ėä | 94.2MB /  106MB, 1.58MB/s  [A


  final_model.pt              :  89%|‚Ėą‚Ėą‚Ėą‚Ėą‚Ėą‚Ėą‚Ėą‚Ėą‚Ėä | 94.2MB /  106MB            [A[A


  final_model.pt              :  89%|‚Ėą‚Ėą‚Ėą‚Ėą‚Ėą‚Ėą‚Ėą‚Ėą‚ĖČ | 94.8MB /  106MB            [A[A
Processing Files (0 / 1)      :  89%|‚Ėą‚Ėą‚Ėą‚Ėą‚Ėą‚Ėą‚Ėą‚Ėą‚ĖČ | 94.8MB /  106MB, 1.47MB/s

New Data Upload               :  89%|‚Ėą‚Ėą‚Ėą‚Ėą‚Ėą‚Ėą‚Ėą‚Ėą‚ĖČ | 94.8MB /  106MB, 1.47MB/s  [A


  final_model.pt              :  89%|‚Ėą‚Ėą‚Ėą‚Ėą‚Ėą‚Ėą‚Ėą‚Ėą‚ĖČ | 94.8MB /  106MB            [A[A


  final_model.pt              :  90%|‚Ėą‚Ėą‚Ėą‚Ėą‚Ėą‚Ėą‚Ėą‚Ėą‚ĖČ | 95.3MB /  106MB            [A[A
Processing Files (0 / 1)      :  90%|‚Ėą‚Ėą‚Ėą‚Ėą‚Ėą‚Ėą‚Ėą‚Ėą‚ĖČ | 95.3MB /  106MB, 1.47MB/s

New Data Upload               :  90%|‚Ėą‚Ėą‚Ėą‚Ėą‚Ėą‚Ėą‚Ėą‚Ėą‚ĖČ | 95.3MB /  106MB, 1.47MB/s  [A


  final_model.pt              :  90%|‚Ėą‚Ėą‚Ėą‚Ėą‚Ėą‚Ėą‚Ėą‚Ėą‚ĖČ | 95.3MB /  106MB            [A[A


  final_model.pt              :  90%|‚Ėą‚Ėą‚Ėą‚Ėą‚Ėą‚Ėą‚Ėą‚Ėą‚Ėą | 95.9MB /  106MB            [A[A
Processing Files (0 / 1)      :  90%|‚Ėą‚Ėą‚Ėą‚Ėą‚Ėą‚Ėą‚Ėą‚Ėą‚Ėą | 95.9MB /  106MB, 1.41MB/s

New Data Upload               :  90%|‚Ėą‚Ėą‚Ėą‚Ėą‚Ėą‚Ėą‚Ėą‚Ėą‚Ėą | 95.9MB /  106MB, 1.41MB/s  [A


  final_model.pt              :  90%|‚Ėą‚Ėą‚Ėą‚Ėą‚Ėą‚Ėą‚Ėą‚Ėą‚Ėą | 95.9MB /  106MB            [A[A


  final_model.pt              :  91%|‚Ėą‚Ėą‚Ėą‚Ėą‚Ėą‚Ėą‚Ėą‚Ėą‚Ėą | 96.4MB /  106MB            [A[A
Processing Files (0 / 1)      :  91%|‚Ėą‚Ėą‚Ėą‚Ėą‚Ėą‚Ėą‚Ėą‚Ėą‚Ėą | 96.4MB /  106MB, 1.41MB/s

New Data Upload               :  91%|‚Ėą‚Ėą‚Ėą‚Ėą‚Ėą‚Ėą‚Ėą‚Ėą‚Ėą | 96.4MB /  106MB, 1.41MB/s  [A


  final_model.pt              :  91%|‚Ėą‚Ėą‚Ėą‚Ėą‚Ėą‚Ėą‚Ėą‚Ėą‚Ėą | 96.4MB /  106MB            [A[A


  final_model.pt              :  91%|‚Ėą‚Ėą‚Ėą‚Ėą‚Ėą‚Ėą‚Ėą‚Ėą‚Ėą | 97.0MB /  106MB            [A[A
Processing Files (0 / 1)      :  91%|‚Ėą‚Ėą‚Ėą‚Ėą‚Ėą‚Ėą‚Ėą‚Ėą‚Ėą | 97.0MB /  106MB, 1.41MB/s

New Data Upload               :  91%|‚Ėą‚Ėą‚Ėą‚Ėą‚Ėą‚Ėą‚Ėą‚Ėą‚Ėą | 97.0MB /  106MB, 1.41MB/s  [A


  final_model.pt              :  91%|‚Ėą‚Ėą‚Ėą‚Ėą‚Ėą‚Ėą‚Ėą‚Ėą‚Ėą | 97.0MB /  106MB            [A[A


  final_model.pt              :  92%|‚Ėą‚Ėą‚Ėą‚Ėą‚Ėą‚Ėą‚Ėą‚Ėą‚Ėą‚ĖŹ| 97.5MB /  106MB            [A[A
Processing Files (0 / 1)      :  92%|‚Ėą‚Ėą‚Ėą‚Ėą‚Ėą‚Ėą‚Ėą‚Ėą‚Ėą‚ĖŹ| 97.5MB /  106MB, 1.47MB/s

New Data Upload               :  92%|‚Ėą‚Ėą‚Ėą‚Ėą‚Ėą‚Ėą‚Ėą‚Ėą‚Ėą‚ĖŹ| 97.5MB /  106MB, 1.47MB/s  [A


  final_model.pt              :  92%|‚Ėą‚Ėą‚Ėą‚Ėą‚Ėą‚Ėą‚Ėą‚Ėą‚Ėą‚ĖŹ| 97.5MB /  106MB            [A[A


  final_model.pt              :  92%|‚Ėą‚Ėą‚Ėą‚Ėą‚Ėą‚Ėą‚Ėą‚Ėą‚Ėą‚ĖŹ| 98.1MB /  106MB            [A[A
Processing Files (0 / 1)      :  92%|‚Ėą‚Ėą‚Ėą‚Ėą‚Ėą‚Ėą‚Ėą‚Ėą‚Ėą‚ĖŹ| 98.1MB /  106MB, 1.41MB/s

New Data Upload               :  92%|‚Ėą‚Ėą‚Ėą‚Ėą‚Ėą‚Ėą‚Ėą‚Ėą‚Ėą‚ĖŹ| 98.1MB /  106MB, 1.41MB/s  [A


  final_model.pt              :  92%|‚Ėą‚Ėą‚Ėą‚Ėą‚Ėą‚Ėą‚Ėą‚Ėą‚Ėą‚ĖŹ| 98.1MB /  106MB            [A[A


  final_model.pt              :  93%|‚Ėą‚Ėą‚Ėą‚Ėą‚Ėą‚Ėą‚Ėą‚Ėą‚Ėą‚Ėé| 98.6MB /  106MB            [A[A
Processing Files (0 / 1)      :  93%|‚Ėą‚Ėą‚Ėą‚Ėą‚Ėą‚Ėą‚Ėą‚Ėą‚Ėą‚Ėé| 98.6MB /  106MB, 1.41MB/s

New Data Upload               :  93%|‚Ėą‚Ėą‚Ėą‚Ėą‚Ėą‚Ėą‚Ėą‚Ėą‚Ėą‚Ėé| 98.6MB /  106MB, 1.41MB/s  [A


  final_model.pt              :  93%|‚Ėą‚Ėą‚Ėą‚Ėą‚Ėą‚Ėą‚Ėą‚Ėą‚Ėą‚Ėé| 98.6MB /  106MB            [A[A


  final_model.pt              :  94%|‚Ėą‚Ėą‚Ėą‚Ėą‚Ėą‚Ėą‚Ėą‚Ėą‚Ėą‚Ėć| 99.7MB /  106MB            [A[A
Processing Files (0 / 1)      :  94%|‚Ėą‚Ėą‚Ėą‚Ėą‚Ėą‚Ėą‚Ėą‚Ėą‚Ėą‚Ėć| 99.7MB /  106MB, 1.47MB/s

New Data Upload               :  94%|‚Ėą‚Ėą‚Ėą‚Ėą‚Ėą‚Ėą‚Ėą‚Ėą‚Ėą‚Ėć| 99.7MB /  106MB, 1.47MB/s  [A


  final_model.pt              :  94%|‚Ėą‚Ėą‚Ėą‚Ėą‚Ėą‚Ėą‚Ėą‚Ėą‚Ėą‚Ėć| 99.7MB /  106MB            [A[A


  final_model.pt              :  94%|‚Ėą‚Ėą‚Ėą‚Ėą‚Ėą‚Ėą‚Ėą‚Ėą‚Ėą‚Ėć|  100MB /  106MB            [A[A
Processing Files (0 / 1)      :  94%|‚Ėą‚Ėą‚Ėą‚Ėą‚Ėą‚Ėą‚Ėą‚Ėą‚Ėą‚Ėć|  100MB /  106MB, 1.47MB/s

New Data Upload               :  94%|‚Ėą‚Ėą‚Ėą‚Ėą‚Ėą‚Ėą‚Ėą‚Ėą‚Ėą‚Ėć|  100MB /  106MB, 1.47MB/s  [A


  final_model.pt              :  94%|‚Ėą‚Ėą‚Ėą‚Ėą‚Ėą‚Ėą‚Ėą‚Ėą‚Ėą‚Ėć|  100MB /  106MB            [A[A


  final_model.pt              :  95%|‚Ėą‚Ėą‚Ėą‚Ėą‚Ėą‚Ėą‚Ėą‚Ėą‚Ėą‚Ėć|  101MB /  106MB            [A[A
Processing Files (0 / 1)      :  95%|‚Ėą‚Ėą‚Ėą‚Ėą‚Ėą‚Ėą‚Ėą‚Ėą‚Ėą‚Ėć|  101MB /  106MB, 1.47MB/s

New Data Upload               :  95%|‚Ėą‚Ėą‚Ėą‚Ėą‚Ėą‚Ėą‚Ėą‚Ėą‚Ėą‚Ėć|  101MB /  106MB, 1.47MB/s  [A


  final_model.pt              :  95%|‚Ėą‚Ėą‚Ėą‚Ėą‚Ėą‚Ėą‚Ėą‚Ėą‚Ėą‚Ėć|  101MB /  106MB            [A[A


  final_model.pt              :  95%|‚Ėą‚Ėą‚Ėą‚Ėą‚Ėą‚Ėą‚Ėą‚Ėą‚Ėą‚ĖĆ|  101MB /  106MB            [A[A
Processing Files (0 / 1)      :  95%|‚Ėą‚Ėą‚Ėą‚Ėą‚Ėą‚Ėą‚Ėą‚Ėą‚Ėą‚ĖĆ|  101MB /  106MB, 1.47MB/s

New Data Upload               :  95%|‚Ėą‚Ėą‚Ėą‚Ėą‚Ėą‚Ėą‚Ėą‚Ėą‚Ėą‚ĖĆ|  101MB /  106MB, 1.47MB/s  [A


  final_model.pt              :  95%|‚Ėą‚Ėą‚Ėą‚Ėą‚Ėą‚Ėą‚Ėą‚Ėą‚Ėą‚ĖĆ|  101MB /  106MB            [A[A


  final_model.pt              :  96%|‚Ėą‚Ėą‚Ėą‚Ėą‚Ėą‚Ėą‚Ėą‚Ėą‚Ėą‚ĖĆ|  102MB /  106MB            [A[A
Processing Files (0 / 1)      :  96%|‚Ėą‚Ėą‚Ėą‚Ėą‚Ėą‚Ėą‚Ėą‚Ėą‚Ėą‚ĖĆ|  102MB /  106MB, 1.47MB/s

New Data Upload               :  96%|‚Ėą‚Ėą‚Ėą‚Ėą‚Ėą‚Ėą‚Ėą‚Ėą‚Ėą‚ĖĆ|  102MB /  106MB, 1.47MB/s  [A


  final_model.pt              :  96%|‚Ėą‚Ėą‚Ėą‚Ėą‚Ėą‚Ėą‚Ėą‚Ėą‚Ėą‚ĖĆ|  102MB /  106MB            [A[A


  final_model.pt              :  97%|‚Ėą‚Ėą‚Ėą‚Ėą‚Ėą‚Ėą‚Ėą‚Ėą‚Ėą‚Ėč|  103MB /  106MB            [A[A
Processing Files (0 / 1)      :  97%|‚Ėą‚Ėą‚Ėą‚Ėą‚Ėą‚Ėą‚Ėą‚Ėą‚Ėą‚Ėč|  103MB /  106MB, 1.52MB/s

New Data Upload               :  97%|‚Ėą‚Ėą‚Ėą‚Ėą‚Ėą‚Ėą‚Ėą‚Ėą‚Ėą‚Ėč|  103MB /  106MB, 1.52MB/s  [A


  final_model.pt              :  97%|‚Ėą‚Ėą‚Ėą‚Ėą‚Ėą‚Ėą‚Ėą‚Ėą‚Ėą‚Ėč|  103MB /  106MB            [A[A


  final_model.pt              :  97%|‚Ėą‚Ėą‚Ėą‚Ėą‚Ėą‚Ėą‚Ėą‚Ėą‚Ėą‚Ėč|  104MB /  106MB            [A[A
Processing Files (0 / 1)      :  97%|‚Ėą‚Ėą‚Ėą‚Ėą‚Ėą‚Ėą‚Ėą‚Ėą‚Ėą‚Ėč|  104MB /  106MB, 1.47MB/s

New Data Upload               :  97%|‚Ėą‚Ėą‚Ėą‚Ėą‚Ėą‚Ėą‚Ėą‚Ėą‚Ėą‚Ėč|  104MB /  106MB, 1.47MB/s  [A


  final_model.pt              :  97%|‚Ėą‚Ėą‚Ėą‚Ėą‚Ėą‚Ėą‚Ėą‚Ėą‚Ėą‚Ėč|  104MB /  106MB            [A[A


  final_model.pt              :  98%|‚Ėą‚Ėą‚Ėą‚Ėą‚Ėą‚Ėą‚Ėą‚Ėą‚Ėą‚Ėä|  104MB /  106MB            [A[A
Processing Files (0 / 1)      :  98%|‚Ėą‚Ėą‚Ėą‚Ėą‚Ėą‚Ėą‚Ėą‚Ėą‚Ėą‚Ėä|  104MB /  106MB, 1.47MB/s

New Data Upload               :  98%|‚Ėą‚Ėą‚Ėą‚Ėą‚Ėą‚Ėą‚Ėą‚Ėą‚Ėą‚Ėä|  104MB /  106MB, 1.47MB/s  [A


  final_model.pt              :  99%|‚Ėą‚Ėą‚Ėą‚Ėą‚Ėą‚Ėą‚Ėą‚Ėą‚Ėą‚Ėä|  105MB /  106MB            [A[A
Processing Files (0 / 1)      :  99%|‚Ėą‚Ėą‚Ėą‚Ėą‚Ėą‚Ėą‚Ėą‚Ėą‚Ėą‚Ėä|  105MB /  106MB, 1.47MB/s

New Data Upload               :  99%|‚Ėą‚Ėą‚Ėą‚Ėą‚Ėą‚Ėą‚Ėą‚Ėą‚Ėą‚Ėä|  105MB /  106MB, 1.47MB/s  [A


  final_model.pt              :  99%|‚Ėą‚Ėą‚Ėą‚Ėą‚Ėą‚Ėą‚Ėą‚Ėą‚Ėą‚ĖČ|  105MB /  106MB            [A[A
Processing Files (0 / 1)      :  99%|‚Ėą‚Ėą‚Ėą‚Ėą‚Ėą‚Ėą‚Ėą‚Ėą‚Ėą‚ĖČ|  105MB /  106MB, 1.52MB/s

New Data Upload               :  99%|‚Ėą‚Ėą‚Ėą‚Ėą‚Ėą‚Ėą‚Ėą‚Ėą‚Ėą‚ĖČ|  105MB /  106MB, 1.52MB/s  [A


  final_model.pt              :  99%|‚Ėą‚Ėą‚Ėą‚Ėą‚Ėą‚Ėą‚Ėą‚Ėą‚Ėą‚ĖČ|  105MB /  106MB            [A[A


  final_model.pt              : 100%|‚Ėą‚Ėą‚Ėą‚Ėą‚Ėą‚Ėą‚Ėą‚Ėą‚Ėą‚ĖČ|  106MB /  106MB            [A[A
Processing Files (0 / 1)      : 100%|‚Ėą‚Ėą‚Ėą‚Ėą‚Ėą‚Ėą‚Ėą‚Ėą‚Ėą‚ĖČ|  106MB /  106MB, 1.52MB/s

New Data Upload               : 100%|‚Ėą‚Ėą‚Ėą‚Ėą‚Ėą‚Ėą‚Ėą‚Ėą‚Ėą‚ĖČ|  106MB /  106MB, 1.52MB/s  [A


  final_model.pt              : 100%|‚Ėą‚Ėą‚Ėą‚Ėą‚Ėą‚Ėą‚Ėą‚Ėą‚Ėą‚ĖČ|  106MB /  106MB            [A[A


  final_model.pt              : 100%|‚Ėą‚Ėą‚Ėą‚Ėą‚Ėą‚Ėą‚Ėą‚Ėą‚Ėą‚ĖČ|  106MB /  106MB            [A[A


  final_model.pt              : 100%|‚Ėą‚Ėą‚Ėą‚Ėą‚Ėą‚Ėą‚Ėą‚Ėą‚Ėą‚ĖČ|  106MB /  106MB            [A[A


  final_model.pt              : 100%|‚Ėą‚Ėą‚Ėą‚Ėą‚Ėą‚Ėą‚Ėą‚Ėą‚Ėą‚ĖČ|  106MB /  106MB            [A[A


  final_model.pt              : 100%|‚Ėą‚Ėą‚Ėą‚Ėą‚Ėą‚Ėą‚Ėą‚Ėą‚Ėą‚Ėą|  106MB /  106MB            [A[A
Processing Files (1 / 1)      : 100%|‚Ėą‚Ėą‚Ėą‚Ėą‚Ėą‚Ėą‚Ėą‚Ėą‚Ėą‚Ėą|  106MB /  106MB, 1.46MB/s

New Data Upload               : 100%|‚Ėą‚Ėą‚Ėą‚Ėą‚Ėą‚Ėą‚Ėą‚Ėą‚Ėą‚Ėą|  106MB /  106MB, 1.46MB/s  [A


  final_model.pt              : 100%|‚Ėą‚Ėą‚Ėą‚Ėą‚Ėą‚Ėą‚Ėą‚Ėą‚Ėą‚Ėą|  106MB /  106MB            [A[A


  final_model.pt              : 100%|‚Ėą‚Ėą‚Ėą‚Ėą‚Ėą‚Ėą‚Ėą‚Ėą‚Ėą‚Ėą|  106MB /  106MB            [A[A


  final_model.pt              : 100%|‚Ėą‚Ėą‚Ėą‚Ėą‚Ėą‚Ėą‚Ėą‚Ėą‚Ėą‚Ėą|  106MB /  106MB            [A[A


  final_model.pt              : 100%|‚Ėą‚Ėą‚Ėą‚Ėą‚Ėą‚Ėą‚Ėą‚Ėą‚Ėą‚Ėą|  106MB /  106MB            [A[A


  final_model.pt              : 100%|‚Ėą‚Ėą‚Ėą‚Ėą‚Ėą‚Ėą‚Ėą‚Ėą‚Ėą‚Ėą|  106MB /  106MB            [A[A


  final_model.pt              : 100%|‚Ėą‚Ėą‚Ėą‚Ėą‚Ėą‚Ėą‚Ėą‚Ėą‚Ėą‚Ėą|  106MB /  106MB            [A[A


  final_model.pt              : 100%|‚Ėą‚Ėą‚Ėą‚Ėą‚Ėą‚Ėą‚Ėą‚Ėą‚Ėą‚Ėą|  106MB /  106MB            [A[A


  final_model.pt              : 100%|‚Ėą‚Ėą‚Ėą‚Ėą‚Ėą‚Ėą‚Ėą‚Ėą‚Ėą‚Ėą|  106MB /  106MB            [A[A


  final_model.pt              : 100%|‚Ėą‚Ėą‚Ėą‚Ėą‚Ėą‚Ėą‚Ėą‚Ėą‚Ėą‚Ėą|  106MB /  106MB            [A[A


  final_model.pt              : 100%|‚Ėą‚Ėą‚Ėą‚Ėą‚Ėą‚Ėą‚Ėą‚Ėą‚Ėą‚Ėą|  106MB /  106MB            [A[A


  final_model.pt              : 100%|‚Ėą‚Ėą‚Ėą‚Ėą‚Ėą‚Ėą‚Ėą‚Ėą‚Ėą‚Ėą|  106MB /  106MB            [A[A


  final_model.pt              : 100%|‚Ėą‚Ėą‚Ėą‚Ėą‚Ėą‚Ėą‚Ėą‚Ėą‚Ėą‚Ėą|  106MB /  106MB            [A[A


  final_model.pt              : 100%|‚Ėą‚Ėą‚Ėą‚Ėą‚Ėą‚Ėą‚Ėą‚Ėą‚Ėą‚Ėą|  106MB /  106MB            [A[A


  final_model.pt              : 100%|‚Ėą‚Ėą‚Ėą‚Ėą‚Ėą‚Ėą‚Ėą‚Ėą‚Ėą‚Ėą|  106MB /  106MB            [A[A


  final_model.pt              : 100%|‚Ėą‚Ėą‚Ėą‚Ėą‚Ėą‚Ėą‚Ėą‚Ėą‚Ėą‚Ėą|  106MB /  106MB            [A[A
Processing Files (1 / 1)      : 100%|‚Ėą‚Ėą‚Ėą‚Ėą‚Ėą‚Ėą‚Ėą‚Ėą‚Ėą‚Ėą|  106MB /  106MB, 1.10MB/s

New Data Upload               : 100%|‚Ėą‚Ėą‚Ėą‚Ėą‚Ėą‚Ėą‚Ėą‚Ėą‚Ėą‚Ėą|  106MB /  106MB, 1.10MB/s

  final_model.pt              : 100%|‚Ėą‚Ėą‚Ėą‚Ėą‚Ėą‚Ėą‚Ėą‚Ėą‚Ėą‚Ėą|  106MB /  106MB
hf_upload:final_model.pt -> shikhar007/parameter-golf-gram-ns/models/seq4096_bankqat_s1337.pt
HTTP Error 500 thrown while requesting POST https://huggingface.co/api/models/shikhar007/parameter-golf-gram-ns/preupload/main
Retrying in 1s [Retry 1/5].
HTTP Error 500 thrown while requesting POST https://huggingface.co/api/models/shikhar007/parameter-golf-gram-ns/preupload/main
Retrying in 2s [Retry 2/5].
HTTP Error 500 thrown while requesting POST https://huggingface.co/api/models/shikhar007/parameter-golf-gram-ns/preupload/main
Retrying in 4s [Retry 3/5].
HTTP Error 500 thrown while requesting POST https://huggingface.co/api/models/shikhar007/parameter-golf-gram-ns/preupload/main
Retrying in 8s [Retry 4/5].
HTTP Error 500 thrown while requesting POST https://huggingface.co/api/models/shikhar007/parameter-golf-gram-ns/preupload/main
Retrying in 8s [Retry 5/5].
HTTP Error 500 thrown while requesting POST https://huggingface.co/api/models/shikhar007/parameter-golf-gram-ns/preupload/main
hf_upload:failed Server error '500 Internal Server Error' for url 'https://huggingface.co/api/models/shikhar007/parameter-golf-gram-ns/preupload/main' (Request ID: Root=1-69d77ff0-1329e0934af6d6b1770fca01;09573808-3e70-4538-802a-bcaa89a297a9)
For more information check: https://developer.mozilla.org/en-US/docs/Web/HTTP/Status/500

Internal Error - We're working hard to fix this as soon as possible!